1718556997.430393: 2990943-14e0f1060780: cdpl_log.c:227: in cdpl_log_open(): info: @@start_of_log@@
1718556997.430410: 2990943-14e0f1060780: cdpl_log.c:740: in cdpl_log_dump_sysinfo(): info: time: 2024/06/17 01:56:37 KST +0900
1718556997.430413: 2990943-14e0f1060780: cdpl_log.c:742: in cdpl_log_dump_sysinfo(): info: version: Q_2020.06_SP1_PROD_CDPL 
1718556997.430416: 2990943-14e0f1060780: cdpl_log.c:747: in cdpl_log_dump_sysinfo(): info: system: Linux 4.18.0-513.11.1.el8_9.x86_64 #1 SMP Wed Jan 10 22:58:54 UTC 2024
1718556997.430418: 2990943-14e0f1060780: cdpl_log.c:751: in cdpl_log_dump_sysinfo(): info: processor: x86_64 64-bits
1718556997.430420: 2990943-14e0f1060780: cdpl_log.c:753: in cdpl_log_dump_sysinfo(): info: hostname: sse506-s1
1718556997.430422: 2990943-14e0f1060780: cdpl_log.c:229: in cdpl_log_open(): debug: path: /home1/std6/ASIC/2024_4_1_ASICFrontEnd/lab_fin/fin_rev02/fm/FM_WORK/.cdpl/master.sse506-s1.2990943.log
1718556997.430425: 2990943-14e0f1060780: cdpl_log.c:230: in cdpl_log_open(): debug: dir: /home1/std6/ASIC/2024_4_1_ASICFrontEnd/lab_fin/fin_rev02/fm/FM_WORK/.cdpl
1718556997.430442: 2990943-14e0f1060780: cdpl_server.c:544: in cdpl_sv_init(): info: new server S232194808
1718556997.430447: 2990943-14e0f1060780: cdpl_ipc.c:2756: in cdpl_ipc_init(): info: requesting IPv4 protocol
1718556997.436972: 2990943-14e0f1060780: cdpl_server.c:670: in cdpl_sv_new_master(): info: new master M1
1718556997.436981: 2990943-14e0f1060780: cdpl_compat_master.c:2263: in cdplInitMaster(): info: bcast dir is `/home1/std6/ASIC/2024_4_1_ASICFrontEnd/lab_fin/fin_rev02/fm/FM_WORK/.cdpl'
1718556997.437021: 2990943-14e0f1060780: cdpl_server.c:5341: in cdpl_sv_ctl_master(): info: farm worker timeout set to 300
1718556997.437024: 2990943-14e0f1060780: cdpl_server.c:5390: in cdpl_sv_ctl_master(): info: maximum number of task execution attempts set to 1
1718556997.437027: 2990943-14e0f1060780: cdpl_server.c:5424: in cdpl_sv_ctl_master(): info: master security policy set to IGNORE SPAM
1718556997.437030: 2990943-14e0f1060780: cdpl_server.c:5484: in cdpl_sv_ctl_master(): warning: master will ignore spurious communication
1718556997.437037: 2990943-14e0f1060780: cdpl_farm.c:2032: in cdpl_farm_new_sh(): info: creating SH farm on localhost
1718556997.437040: 2990943-14e0f1060780: cdpl_farm.c:3233: in cdpl_farm_setcap(): debug: setting farm capacity to 1
1718556997.437044: 2990943-14e0f1060780: cdpl_compat_master.c:205: in _set_farm_env(): info: exporting CDPL_LOGDIR as `/home1/std6/ASIC/2024_4_1_ASICFrontEnd/lab_fin/fin_rev02/fm/FM_WORK/.cdpl'
1718556997.437048: 2990943-14e0f1060780: cdpl_compat_master.c:225: in _set_farm_env(): info: exporting SNPSLMD_LICENSE_FILE as `27020@smu409-01:27020@117.16.175.176'
1718556997.437051: 2990943-14e0f1060780: cdpl_compat_master.c:252: in _set_farm_env(): info: exporting DISPLAY as `:30.0'
1718556997.437056: 2990943-14e0f1060780: cdpl_server.c:3050: in cdpl_sv_start(): debug: starting server
1718556997.437059: 2990943-14e0f1060780: cdpl_ipc.c:2895: in cdpl_ipc_start(): debug: starting IPC server 192.168.1.130:41983
1718556997.437209: 2990943-14e0f1060780: cdpl_server.c:751: in cdpl_sv_new_job(): info: new job J1 in M1
1718556997.437215: 2990943-14e0f1060780: cdpl_compat_master.c:1297: in _add_worker(): info: new worker type 3, min:1, max:1, cmd:`/tools/synopsys/fm/Q-2019.12-SP5/linux64/fm/bin/fm_e1_exec -binpath /tools/synopsys/fm/Q-2019.12-SP5 -parallel'
1718556997.437219: 2990943-14e0f1060780: cdpl_server.c:913: in cdpl_sv_new_bin_withfarm(): info: new bin B1 in J1
1718556997.437223: 2990943-14e0f1060780: cdpl_server.c:3104: in cdpl_sv_start_job(): info: starting job J1
1718556997.437231: 2990943-14e0f1060780: cdpl_server.c:63: in _sv_start_bin(): debug: starting bin B1 (min: 0, max: 1)
1718556997.437239: 2990943-14e0d56f9700: cdpl_server_ipc.c:1046: in _sv_ipc_thread(): debug: ready
1718556997.437372: 2990943-14e0f1060780: cdpl_server.c:1840: in _sv_gen_task(): info: new task T0 in B1 (prio 0)
1718556997.437378: 2990943-14e0f1060780: cdpl_compat_master.c:3319: in cdplScheduleTasks(): debug: scheduling tasks
1718556997.437389: 2990943-14e0f1060780: cdpl_server.c:1243: in cdpl_sv_schedule_all_tasks(): debug: scheduling all tasks
1718556997.437393: 2990943-14e0d54f8700: cdpl_server_sched.c:1958: in _sv_scheduler_thread(): debug: scheduler for bin B1 started
1718556997.437402: 2990943-14e0d54f8700: cdpl_server_sched.c:1924: in _scheduler_run(): debug: will start a new worker
1718556997.437438: 2990943-14e0d54f8700: cdpl_farm.c:2978: in cdpl_farm_submit(): debug: 1 running processes
1718556997.437444: 2990943-14e0d54f8700: cdpl_farm.c:2994: in cdpl_farm_submit(): debug: new command C1 in bin B1
1718556997.437536: 2990943-14e0d54f8700: cdpl_server_sched.c:487: in _sv_launch_worker(): info: started worker W1 (as C1) in bin B1
1718556997.437547: 2990943-14e0d52f7700: cdpl_farm.c:1666: in _schedule(): debug: started
1718556997.437562: 2990943-14e0d52f7700: cdpl_farm.c:1804: in _schedule(): debug: submitting command C1 in bin B1
1718556997.437576: 2990943-14e0d52f7700: cdpl_sh.c:49: in _sh_detached_submit(): info: SH : /tools/synopsys/fm/Q-2019.12-SP5/linux64/fm/bin/fm_e1_exec -binpath /tools/synopsys/fm/Q-2019.12-SP5 -parallel
1718556997.439840: 2990943-14e0d52f7700: cdpl_farm.c:1820: in _schedule(): debug: C1 in bin B1 running on slot 0
1718556997.439864: 2990943-14e0d52f7700: cdpl_farm.c:1686: in _schedule(): debug: idle
1718556997.511402: 2990943-14e0d58fa700: cdpl_ipc.c:1474: in _epoll_accept(): debug: new connection from `192.168.1.130:52386'
1718556997.511460: 2990943-14e0d56f9700: cdpl_server_ipc.c:1089: in _sv_ipc_thread(): debug: received ACCEPT notification
1718556997.511477: 2990943-14e0d56f9700: cdpl_ipc.c:1973: in cdpl_ipc_host_accept(): debug: accepted host `192.168.1.130:52386'
1718556997.511580: 2990943-14e0d56f9700: cdpl_server_ipc.c:1110: in _sv_ipc_thread(): debug: received HELLO message
1718556997.511584: 2990943-14e0d56f9700: cdpl_server_ipc.c:334: in _sv_on_hello(): debug: looking up W1
1718556997.511590: 2990943-14e0d56f9700: cdpl_server_ipc.c:444: in _sv_on_hello(): info: W1 is `192.168.1.130:52386'
1718556997.511594: 2990943-14e0d56f9700: cdpl_server_ipc.c:445: in _sv_on_hello(): debug: hello W1 (B1)
1718556997.511597: 2990943-14e0d56f9700: cdpl_server_ipc.c:446: in _sv_on_hello(): info: W1 log file is /home1/std6/ASIC/2024_4_1_ASICFrontEnd/lab_fin/fin_rev02/fm/FM_WORK/.cdpl/worker.W1.sse506-s1.2998239.log
1718556997.511611: 2990943-14e0d56f9700: cdpl_server_ipc.c:474: in _sv_on_hello(): debug: up to 1 alive workers in B1
1718556997.511627: 2990943-14e0d54f8700: cdpl_server_sched.c:719: in _assign(): info: assigning task T0 to worker W1
1718556997.511913: 2990943-14e0d56f9700: cdpl_server_ipc.c:1115: in _sv_ipc_thread(): debug: received FINISH message
1718556997.511916: 2990943-14e0d56f9700: cdpl_server_ipc.c:849: in _sv_on_finish(): info: worker W1 completed task T0
1718556997.511919: 2990943-14e0d56f9700: cdpl_server_ipc.c:856: in _sv_on_finish(): info: stat T0: utime=15 stime=7
1718556997.511922: 2990943-14e0d56f9700: cdpl_server_ipc.c:864: in _sv_on_finish(): info: statm T0: vsize=297748 rss=28800 shared=22912 text=32628 data=13304
1718556997.513223: 2990943-14e0f1060780: cdpl_server.c:1840: in _sv_gen_task(): info: new task T1 in B1 (prio 0)
1718556997.513237: 2990943-14e0f1060780: cdpl_compat_master.c:3319: in cdplScheduleTasks(): debug: scheduling tasks
1718556997.513242: 2990943-14e0f1060780: cdpl_server.c:1243: in cdpl_sv_schedule_all_tasks(): debug: scheduling all tasks
1718556997.513252: 2990943-14e0d54f8700: cdpl_server_sched.c:719: in _assign(): info: assigning task T1 to worker W1
1718556997.513398: 2990943-14e0d56f9700: cdpl_server_ipc.c:1115: in _sv_ipc_thread(): debug: received FINISH message
1718556997.513401: 2990943-14e0d56f9700: cdpl_server_ipc.c:849: in _sv_on_finish(): info: worker W1 completed task T1
1718556997.513404: 2990943-14e0d56f9700: cdpl_server_ipc.c:856: in _sv_on_finish(): info: stat T1: utime=0 stime=0
1718556997.513407: 2990943-14e0d56f9700: cdpl_server_ipc.c:864: in _sv_on_finish(): info: statm T1: vsize=297748 rss=28800 shared=22912 text=32628 data=13304
1718556997.518335: 2990943-14e0f1060780: cdpl_server.c:221: in _sv_free_task_safe(): debug: freeing task T1
1718556997.548060: 2990943-14e0f1060780: cdpl_server.c:1840: in _sv_gen_task(): info: new task T2 in B1 (prio 0)
1718556997.548068: 2990943-14e0f1060780: cdpl_compat_master.c:3319: in cdplScheduleTasks(): debug: scheduling tasks
1718556997.548071: 2990943-14e0f1060780: cdpl_server.c:1243: in cdpl_sv_schedule_all_tasks(): debug: scheduling all tasks
1718556997.548082: 2990943-14e0d54f8700: cdpl_server_sched.c:719: in _assign(): info: assigning task T2 to worker W1
1718556997.548952: 2990943-14e0d56f9700: cdpl_server_ipc.c:1115: in _sv_ipc_thread(): debug: received FINISH message
1718556997.548958: 2990943-14e0d56f9700: cdpl_server_ipc.c:849: in _sv_on_finish(): info: worker W1 completed task T2
1718556997.548962: 2990943-14e0d56f9700: cdpl_server_ipc.c:856: in _sv_on_finish(): info: stat T2: utime=0 stime=0
1718556997.548965: 2990943-14e0d56f9700: cdpl_server_ipc.c:864: in _sv_on_finish(): info: statm T2: vsize=297876 rss=28800 shared=22912 text=32628 data=13432
1718556997.553135: 2990943-14e0f1060780: cdpl_server.c:221: in _sv_free_task_safe(): debug: freeing task T2
1718556997.557103: 2990943-14e0f1060780: cdpl_server.c:1840: in _sv_gen_task(): info: new task T3 in B1 (prio 0)
1718556997.557112: 2990943-14e0f1060780: cdpl_compat_master.c:3319: in cdplScheduleTasks(): debug: scheduling tasks
1718556997.557115: 2990943-14e0f1060780: cdpl_server.c:1243: in cdpl_sv_schedule_all_tasks(): debug: scheduling all tasks
1718556997.557124: 2990943-14e0d54f8700: cdpl_server_sched.c:719: in _assign(): info: assigning task T3 to worker W1
1718556997.557789: 2990943-14e0d56f9700: cdpl_server_ipc.c:1115: in _sv_ipc_thread(): debug: received FINISH message
1718556997.557807: 2990943-14e0d56f9700: cdpl_server_ipc.c:849: in _sv_on_finish(): info: worker W1 completed task T3
1718556997.557814: 2990943-14e0d56f9700: cdpl_server_ipc.c:856: in _sv_on_finish(): info: stat T3: utime=1 stime=0
1718556997.557820: 2990943-14e0d56f9700: cdpl_server_ipc.c:864: in _sv_on_finish(): info: statm T3: vsize=297876 rss=28800 shared=22912 text=32628 data=13432
1718556997.562177: 2990943-14e0f1060780: cdpl_server.c:221: in _sv_free_task_safe(): debug: freeing task T3
1718556997.572325: 2990943-14e0f1060780: cdpl_server.c:1840: in _sv_gen_task(): info: new task T4 in B1 (prio 0)
1718556997.572333: 2990943-14e0f1060780: cdpl_compat_master.c:3319: in cdplScheduleTasks(): debug: scheduling tasks
1718556997.572336: 2990943-14e0f1060780: cdpl_server.c:1243: in cdpl_sv_schedule_all_tasks(): debug: scheduling all tasks
1718556997.572347: 2990943-14e0d54f8700: cdpl_server_sched.c:719: in _assign(): info: assigning task T4 to worker W1
1718556997.575495: 2990943-14e0d56f9700: cdpl_server_ipc.c:1115: in _sv_ipc_thread(): debug: received FINISH message
1718556997.575505: 2990943-14e0d56f9700: cdpl_server_ipc.c:849: in _sv_on_finish(): info: worker W1 completed task T4
1718556997.575509: 2990943-14e0d56f9700: cdpl_server_ipc.c:856: in _sv_on_finish(): info: stat T4: utime=3 stime=0
1718556997.575512: 2990943-14e0d56f9700: cdpl_server_ipc.c:864: in _sv_on_finish(): info: statm T4: vsize=297876 rss=28800 shared=22912 text=32628 data=13432
1718556997.577398: 2990943-14e0f1060780: cdpl_server.c:221: in _sv_free_task_safe(): debug: freeing task T4
1718556997.587224: 2990943-14e0f1060780: cdpl_server.c:1840: in _sv_gen_task(): info: new task T5 in B1 (prio 0)
1718556997.587231: 2990943-14e0f1060780: cdpl_compat_master.c:3319: in cdplScheduleTasks(): debug: scheduling tasks
1718556997.587234: 2990943-14e0f1060780: cdpl_server.c:1243: in cdpl_sv_schedule_all_tasks(): debug: scheduling all tasks
1718556997.587243: 2990943-14e0d54f8700: cdpl_server_sched.c:719: in _assign(): info: assigning task T5 to worker W1
1718556997.591429: 2990943-14e0d56f9700: cdpl_server_ipc.c:1115: in _sv_ipc_thread(): debug: received FINISH message
1718556997.591439: 2990943-14e0d56f9700: cdpl_server_ipc.c:849: in _sv_on_finish(): info: worker W1 completed task T5
1718556997.591443: 2990943-14e0d56f9700: cdpl_server_ipc.c:856: in _sv_on_finish(): info: stat T5: utime=4 stime=0
1718556997.591455: 2990943-14e0d56f9700: cdpl_server_ipc.c:864: in _sv_on_finish(): info: statm T5: vsize=297876 rss=28800 shared=22912 text=32628 data=13432
1718556997.592296: 2990943-14e0f1060780: cdpl_server.c:221: in _sv_free_task_safe(): debug: freeing task T5
1718556997.602060: 2990943-14e0f1060780: cdpl_server.c:1840: in _sv_gen_task(): info: new task T6 in B1 (prio 0)
1718556997.602066: 2990943-14e0f1060780: cdpl_compat_master.c:3319: in cdplScheduleTasks(): debug: scheduling tasks
1718556997.602069: 2990943-14e0f1060780: cdpl_server.c:1243: in cdpl_sv_schedule_all_tasks(): debug: scheduling all tasks
1718556997.602078: 2990943-14e0d54f8700: cdpl_server_sched.c:719: in _assign(): info: assigning task T6 to worker W1
1718556997.605137: 2990943-14e0d56f9700: cdpl_server_ipc.c:1115: in _sv_ipc_thread(): debug: received FINISH message
1718556997.605148: 2990943-14e0d56f9700: cdpl_server_ipc.c:849: in _sv_on_finish(): info: worker W1 completed task T6
1718556997.605151: 2990943-14e0d56f9700: cdpl_server_ipc.c:856: in _sv_on_finish(): info: stat T6: utime=3 stime=0
1718556997.605155: 2990943-14e0d56f9700: cdpl_server_ipc.c:864: in _sv_on_finish(): info: statm T6: vsize=297876 rss=28800 shared=22912 text=32628 data=13432
1718556997.607133: 2990943-14e0f1060780: cdpl_server.c:221: in _sv_free_task_safe(): debug: freeing task T6
1718556997.626303: 2990943-14e0f1060780: cdpl_server.c:1840: in _sv_gen_task(): info: new task T7 in B1 (prio 0)
1718556997.626313: 2990943-14e0f1060780: cdpl_compat_master.c:3319: in cdplScheduleTasks(): debug: scheduling tasks
1718556997.626316: 2990943-14e0f1060780: cdpl_server.c:1243: in cdpl_sv_schedule_all_tasks(): debug: scheduling all tasks
1718556997.626325: 2990943-14e0d54f8700: cdpl_server_sched.c:719: in _assign(): info: assigning task T7 to worker W1
1718556997.630514: 2990943-14e0d56f9700: cdpl_server_ipc.c:1115: in _sv_ipc_thread(): debug: received FINISH message
1718556997.630524: 2990943-14e0d56f9700: cdpl_server_ipc.c:849: in _sv_on_finish(): info: worker W1 completed task T7
1718556997.630528: 2990943-14e0d56f9700: cdpl_server_ipc.c:856: in _sv_on_finish(): info: stat T7: utime=4 stime=0
1718556997.630531: 2990943-14e0d56f9700: cdpl_server_ipc.c:864: in _sv_on_finish(): info: statm T7: vsize=297876 rss=28800 shared=22912 text=32628 data=13432
1718556997.631380: 2990943-14e0f1060780: cdpl_server.c:221: in _sv_free_task_safe(): debug: freeing task T7
1718556997.654278: 2990943-14e0f1060780: cdpl_server.c:1840: in _sv_gen_task(): info: new task T8 in B1 (prio 0)
1718556997.654287: 2990943-14e0f1060780: cdpl_compat_master.c:3319: in cdplScheduleTasks(): debug: scheduling tasks
1718556997.654290: 2990943-14e0f1060780: cdpl_server.c:1243: in cdpl_sv_schedule_all_tasks(): debug: scheduling all tasks
1718556997.654307: 2990943-14e0d54f8700: cdpl_server_sched.c:719: in _assign(): info: assigning task T8 to worker W1
1718556997.660352: 2990943-14e0d56f9700: cdpl_server_ipc.c:1115: in _sv_ipc_thread(): debug: received FINISH message
1718556997.660364: 2990943-14e0d56f9700: cdpl_server_ipc.c:849: in _sv_on_finish(): info: worker W1 completed task T8
1718556997.660368: 2990943-14e0d56f9700: cdpl_server_ipc.c:856: in _sv_on_finish(): info: stat T8: utime=6 stime=0
1718556997.660372: 2990943-14e0d56f9700: cdpl_server_ipc.c:864: in _sv_on_finish(): info: statm T8: vsize=297876 rss=28800 shared=22912 text=32628 data=13432
1718556997.664411: 2990943-14e0f1060780: cdpl_server.c:221: in _sv_free_task_safe(): debug: freeing task T8
1718556997.688041: 2990943-14e0f1060780: cdpl_server.c:1840: in _sv_gen_task(): info: new task T9 in B1 (prio 0)
1718556997.688055: 2990943-14e0f1060780: cdpl_compat_master.c:3319: in cdplScheduleTasks(): debug: scheduling tasks
1718556997.688059: 2990943-14e0f1060780: cdpl_server.c:1243: in cdpl_sv_schedule_all_tasks(): debug: scheduling all tasks
1718556997.688071: 2990943-14e0d54f8700: cdpl_server_sched.c:719: in _assign(): info: assigning task T9 to worker W1
1718556997.695152: 2990943-14e0d56f9700: cdpl_server_ipc.c:1115: in _sv_ipc_thread(): debug: received FINISH message
1718556997.695171: 2990943-14e0d56f9700: cdpl_server_ipc.c:849: in _sv_on_finish(): info: worker W1 completed task T9
1718556997.695175: 2990943-14e0d56f9700: cdpl_server_ipc.c:856: in _sv_on_finish(): info: stat T9: utime=7 stime=0
1718556997.695178: 2990943-14e0d56f9700: cdpl_server_ipc.c:864: in _sv_on_finish(): info: statm T9: vsize=297876 rss=28800 shared=22912 text=32628 data=13432
1718556997.698179: 2990943-14e0f1060780: cdpl_server.c:221: in _sv_free_task_safe(): debug: freeing task T9
1718556997.721572: 2990943-14e0f1060780: cdpl_server.c:1840: in _sv_gen_task(): info: new task T10 in B1 (prio 0)
1718556997.721581: 2990943-14e0f1060780: cdpl_compat_master.c:3319: in cdplScheduleTasks(): debug: scheduling tasks
1718556997.721584: 2990943-14e0f1060780: cdpl_server.c:1243: in cdpl_sv_schedule_all_tasks(): debug: scheduling all tasks
1718556997.721596: 2990943-14e0d54f8700: cdpl_server_sched.c:719: in _assign(): info: assigning task T10 to worker W1
1718556997.727725: 2990943-14e0d56f9700: cdpl_server_ipc.c:1115: in _sv_ipc_thread(): debug: received FINISH message
1718556997.727732: 2990943-14e0d56f9700: cdpl_server_ipc.c:849: in _sv_on_finish(): info: worker W1 completed task T10
1718556997.727735: 2990943-14e0d56f9700: cdpl_server_ipc.c:856: in _sv_on_finish(): info: stat T10: utime=6 stime=0
1718556997.727738: 2990943-14e0d56f9700: cdpl_server_ipc.c:864: in _sv_on_finish(): info: statm T10: vsize=297876 rss=28800 shared=22912 text=32628 data=13432
1718556997.731703: 2990943-14e0f1060780: cdpl_server.c:221: in _sv_free_task_safe(): debug: freeing task T10
1718556997.739926: 2990943-14e0d52f7700: cdpl_farm.c:1730: in _schedule(): debug: waking up
1718556997.739955: 2990943-14e0d52f7700: cdpl_farm.c:843: in _onexit(): debug: C1 in bin B1 exited normally on slot 0
1718556997.739958: 2990943-14e0d52f7700: cdpl_farm.c:672: in _release_cmd(): debug: freeing command C1 in bin B1
1718556997.739963: 2990943-14e0d52f7700: cdpl_farm.c:1686: in _schedule(): debug: idle
1718556997.755417: 2990943-14e0f1060780: cdpl_server.c:1840: in _sv_gen_task(): info: new task T11 in B1 (prio 0)
1718556997.755426: 2990943-14e0f1060780: cdpl_compat_master.c:3319: in cdplScheduleTasks(): debug: scheduling tasks
1718556997.755429: 2990943-14e0f1060780: cdpl_server.c:1243: in cdpl_sv_schedule_all_tasks(): debug: scheduling all tasks
1718556997.755442: 2990943-14e0d54f8700: cdpl_server_sched.c:719: in _assign(): info: assigning task T11 to worker W1
1718556997.769829: 2990943-14e0d56f9700: cdpl_server_ipc.c:1115: in _sv_ipc_thread(): debug: received FINISH message
1718556997.769835: 2990943-14e0d56f9700: cdpl_server_ipc.c:849: in _sv_on_finish(): info: worker W1 completed task T11
1718556997.769838: 2990943-14e0d56f9700: cdpl_server_ipc.c:856: in _sv_on_finish(): info: stat T11: utime=14 stime=0
1718556997.769841: 2990943-14e0d56f9700: cdpl_server_ipc.c:864: in _sv_on_finish(): info: statm T11: vsize=297876 rss=30328 shared=24272 text=32628 data=13432
1718556997.770604: 2990943-14e0f1060780: cdpl_server.c:221: in _sv_free_task_safe(): debug: freeing task T11
1718556998.206586: 2990943-14e0f1060780: cdpl_server.c:1840: in _sv_gen_task(): info: new task T12 in B1 (prio 0)
1718556998.206600: 2990943-14e0f1060780: cdpl_compat_master.c:3319: in cdplScheduleTasks(): debug: scheduling tasks
1718556998.206604: 2990943-14e0f1060780: cdpl_server.c:1243: in cdpl_sv_schedule_all_tasks(): debug: scheduling all tasks
1718556998.206622: 2990943-14e0d54f8700: cdpl_server_sched.c:719: in _assign(): info: assigning task T12 to worker W1
1718556998.227241: 2990943-14e0d56f9700: cdpl_server_ipc.c:1115: in _sv_ipc_thread(): debug: received FINISH message
1718556998.227252: 2990943-14e0d56f9700: cdpl_server_ipc.c:849: in _sv_on_finish(): info: worker W1 completed task T12
1718556998.227256: 2990943-14e0d56f9700: cdpl_server_ipc.c:856: in _sv_on_finish(): info: stat T12: utime=21 stime=0
1718556998.227259: 2990943-14e0d56f9700: cdpl_server_ipc.c:864: in _sv_on_finish(): info: statm T12: vsize=298004 rss=30328 shared=24272 text=32628 data=13560
1718556998.231891: 2990943-14e0f1060780: cdpl_server.c:221: in _sv_free_task_safe(): debug: freeing task T12
1718556998.629157: 2990943-14e0f1060780: cdpl_server.c:2878: in cdpl_sv_halt_job_errno(): info: stopping job J1
1718556998.629178: 2990943-14e0f1060780: cdpl_server.c:2900: in cdpl_sv_halt_job_errno(): debug: signal bin B1 scheduler to stop
1718556998.629200: 2990943-14e0d54f8700: cdpl_server_sched.c:1960: in _sv_scheduler_thread(): debug: scheduler for bin B1 stopped
1718556998.629228: 2990943-14e0d54f8700: cdpl_ipc.c:1269: in _host_drop__UNSAFE(): debug: dropping host `192.168.1.130:52386'
1718556998.629307: 2990943-14e0d54f8700: cdpl_server_sched.c:2305: in _sv_drop_worker(): debug: down to 0 alive workers in B1
1718556998.629314: 2990943-14e0d56f9700: cdpl_server_ipc.c:1100: in _sv_ipc_thread(): debug: received DROP notification
1718556998.629331: 2990943-14e0d54f8700: cdpl_server_sched.c:2272: in _sv_record_dropped_worker(): debug: dropping worker W1
1718556998.629338: 2990943-14e0d54f8700: cdpl_farm.c:3118: in cdpl_farm_dismiss(): debug: down to 0 running processes
1718556998.629362: 2990943-14e0d54f8700: cdpl_server_sched.c:113: in _free_worker_2(): debug: freeing worker W1
1718556998.629368: 2990943-14e0d54f8700: cdpl_ipc.c:1991: in cdpl_ipc_host_release(): debug: releasing host `192.168.1.130:52386'
1718556998.629388: 2990943-14e0f1060780: cdpl_server.c:2867: in cdpl_sv_halt_job_errno(): info: killing job J1
1718556998.629396: 2990943-14e0f1060780: cdpl_server.c:287: in _sv_free_job(): info: freeing job J1
1718556998.629399: 2990943-14e0f1060780: cdpl_server.c:91: in _sv_free_bin(): debug: freeing bin B1
1718556998.629409: 2990943-14e0f1060780: cdpl_server.c:183: in _sv_free_task(): debug: freeing task T0
1718557000.629572: 2990943-14e0f1060780: cdpl_farm.c:2138: in cdpl_farm_free(): info: freeing farm
1718557000.629630: 2990943-14e0d52f7700: cdpl_farm.c:1730: in _schedule(): debug: waking up
1718557000.629654: 2990943-14e0d52f7700: cdpl_farm.c:1737: in _schedule(): debug: dying
1718557000.629723: 2990943-14e0f1060780: cdpl_farm.c:695: in _killall(): debug: killing all remaining commands
1718557000.629735: 2990943-14e0f1060780: cdpl_server.c:2999: in cdpl_sv_free(): info: freeing server S232194808
1718557000.629740: 2990943-14e0f1060780: cdpl_server.c:2964: in cdpl_sv_kill_errno(): info: killing server
1718557000.629743: 2990943-14e0f1060780: cdpl_ipc.c:2940: in cdpl_ipc_kill(): debug: stopping event server
1718557000.629775: 2990943-14e0d58fa700: cdpl_ipc.c:1930: in _epoll_main(): debug: server going down...
1718557000.629790: 2990943-14e0d56f9700: cdpl_server_ipc.c:1064: in _sv_ipc_thread(): debug: leaving now
1718557000.629807: 2990943-14e0f1060780: cdpl_server.c:327: in _sv_free_master(): info: freeing master M1
1718557000.629812: 2990943-14e0f1060780: cdpl_hash.c:64: in cdpl_h_destroy(): debug: put operations: 1
1718557000.629815: 2990943-14e0f1060780: cdpl_hash.c:65: in cdpl_h_destroy(): debug: put collisions: 0
1718557000.629818: 2990943-14e0f1060780: cdpl_hash.c:66: in cdpl_h_destroy(): debug: get operations: 0
1718557000.629820: 2990943-14e0f1060780: cdpl_hash.c:67: in cdpl_h_destroy(): debug: get iterations: 0
1718557000.629829: 2990943-14e0f1060780: cdpl_monitor.c:1328: in cdpl_mn_free(): debug: freeing monitor server
1718557000.629832: 2990943-14e0f1060780: cdpl_ipc.c:2991: in cdpl_ipc_free(): debug: releasing IPC handle
1718557000.629835: 2990943-14e0f1060780: cdpl_ipc.c:1194: in _host_free__UNSAFE(): debug: freeing host `192.168.1.130:52386'
1718557000.629839: 2990943-14e0f1060780: cdpl_ipc.c:1236: in _host_free__UNSAFE(): debug: [0 outq, 0 spR, 0 spW]
1718557000.629858: 2990943-14e0f1060780: cdpl_ipc.c:3030: in cdpl_ipc_free(): debug: done
1718557000.629862: 2990943-14e0f1060780: cdpl_log.c:370: in cdpl_log_close(): info: @@end_of_log@@
