/tools/synopsys/syn/O-2018.06-SP5-5/auxx/gui/dv/dv_setup.tcl
/tools/synopsys/syn/O-2018.06-SP5-5/auxx/gui/syn/snpsSynProcs.tcl
/tools/synopsys/syn/O-2018.06-SP5-5/auxx/gui/syn/layout/pkgIndex.tcl
/tools/synopsys/syn/O-2018.06-SP5-5/auxx/gui/common/profiler/pkgIndex.tcl
/tools/synopsys/syn/O-2018.06-SP5-5/auxx/gui/common/libviewer/pkgIndex.tcl
/tools/synopsys/syn/O-2018.06-SP5-5/auxx/gui/common/regressionToolkit/pkgIndex.tcl
/tools/synopsys/syn/O-2018.06-SP5-5/auxx/gui/common/WindowFrameWork/pkgIndex.tcl
/tools/synopsys/syn/O-2018.06-SP5-5/auxx/gui/common/highlight/pkgIndex.tcl
/tools/synopsys/syn/O-2018.06-SP5-5/auxx/gui/common/tcl-dp/pkgIndex.tcl
/tools/synopsys/syn/O-2018.06-SP5-5/auxx/gui/common/misc/pkgIndex.tcl
/tools/synopsys/syn/O-2018.06-SP5-5/auxx/gui/common/dialogs/pkgIndex.tcl
/tools/synopsys/syn/O-2018.06-SP5-5/auxx/gui/common/acg/pkgIndex.tcl
/tools/synopsys/syn/O-2018.06-SP5-5/auxx/gui/common/pathinspector/pkgIndex.tcl
/tools/synopsys/syn/O-2018.06-SP5-5/auxx/gui/common/strokes/pkgIndex.tcl
/tools/synopsys/syn/O-2018.06-SP5-5/auxx/gui/common/commandform/pkgIndex.tcl
/tools/synopsys/syn/O-2018.06-SP5-5/auxx/gui/common/timing/pkgIndex.tcl
/tools/synopsys/syn/O-2018.06-SP5-5/auxx/gui/common/fanoutviewer/pkgIndex.tcl
/tools/synopsys/syn/O-2018.06-SP5-5/auxx/gui/common/tq/pkgIndex.tcl
/tools/synopsys/syn/O-2018.06-SP5-5/auxx/gui/common/hierarchy/pkgIndex.tcl
/tools/synopsys/syn/O-2018.06-SP5-5/auxx/gui/common/docBrowser/pkgIndex.tcl
/tools/synopsys/syn/O-2018.06-SP5-5/auxx/gui/common/setup/pkgIndex.tcl
/tools/synopsys/syn/O-2018.06-SP5-5/auxx/gui/common/tiledview/pkgIndex.tcl
/tools/synopsys/syn/O-2018.06-SP5-5/auxx/gui/common/palettegroup/pkgIndex.tcl
/tools/synopsys/syn/O-2018.06-SP5-5/auxx/gui/common/schematic/pkgIndex.tcl
/tools/synopsys/syn/O-2018.06-SP5-5/auxx/gui/common/histogram/pkgIndex.tcl
/tools/synopsys/syn/O-2018.06-SP5-5/auxx/gui/common/select/pkgIndex.tcl
/tools/synopsys/syn/O-2018.06-SP5-5/auxx/gui/common/mrupalette/pkgIndex.tcl
/tools/synopsys/syn/O-2018.06-SP5-5/auxx/gui/common/menus/pkgIndex.tcl
/tools/synopsys/syn/O-2018.06-SP5-5/auxx/gui/common/view/pkgIndex.tcl
/tools/synopsys/syn/O-2018.06-SP5-5/auxx/gui/common/opdlg/pkgIndex.tcl
/tools/synopsys/syn/O-2018.06-SP5-5/auxx/gui/common/qtcl/pkgIndex.tcl
/tools/synopsys/syn/O-2018.06-SP5-5/auxx/gui/common/table/pkgIndex.tcl
/tools/synopsys/syn/O-2018.06-SP5-5/auxx/gui/common/layout/pkgIndex.tcl
/tools/synopsys/syn/O-2018.06-SP5-5/auxx/gui/dv/pkgIndex.tcl
/tools/synopsys/syn/O-2018.06-SP5-5/auxx/syn/lib/pkgIndex.tcl
/tools/synopsys/syn/O-2018.06-SP5-5/auxx/tcllib/lib/iwidgets4.1/pkgIndex.tcl
/tools/synopsys/syn/O-2018.06-SP5-5/auxx/tcllib/snps_tcl/snpsUtils/pkgIndex.tcl
/tools/synopsys/syn/O-2018.06-SP5-5/auxx/tcllib/snps_tcl/snpsTest/pkgIndex.tcl
/tools/synopsys/syn/O-2018.06-SP5-5/auxx/tcllib/snps_tcl/snpsTclPro/pkgIndex.tcl
/tools/synopsys/syn/O-2018.06-SP5-5/auxx/tcllib/snps_tcl/pkgIndex.tcl
/tools/synopsys/syn/O-2018.06-SP5-5/auxx/tcllib/lib/tcl8.6/platform/pkgIndex.tcl
/tools/synopsys/syn/O-2018.06-SP5-5/auxx/tcllib/lib/tcl8.6/opt/pkgIndex.tcl
/tools/synopsys/syn/O-2018.06-SP5-5/auxx/tcllib/lib/tcl8.6/tcltest/pkgIndex.tcl
/tools/synopsys/syn/O-2018.06-SP5-5/auxx/tcllib/lib/tcl8.6/msgcat/pkgIndex.tcl
/tools/synopsys/syn/O-2018.06-SP5-5/auxx/tcllib/lib/tcl8.6/http/pkgIndex.tcl
/tools/synopsys/syn/O-2018.06-SP5-5/auxx/tcllib/lib/tcl8.6/http1.0/pkgIndex.tcl
/tools/synopsys/syn/O-2018.06-SP5-5/auxx/tcllib/lib/tcl8.6/reg/pkgIndex.tcl
/tools/synopsys/syn/O-2018.06-SP5-5/auxx/tcllib/lib/tcl8.6/dde/pkgIndex.tcl
/tools/synopsys/syn/O-2018.06-SP5-5/auxx/gui/common/setup/snpsCommonSetup.tcl
/tools/synopsys/syn/O-2018.06-SP5-5/auxx/gui/common/setup/snpsCustomize.tcl
/tools/synopsys/syn/O-2018.06-SP5-5/auxx/gui/common/setup/snpsProcheck.tcl
/tools/synopsys/syn/O-2018.06-SP5-5/auxx/gui/common/qtcl/.synopsys_qtcl.tcl
/tools/synopsys/syn/O-2018.06-SP5-5/auxx/gui/common/highlight/highlight.tcl
/tools/synopsys/syn/O-2018.06-SP5-5/auxx/gui/common/misc/base.tcl
/tools/synopsys/syn/O-2018.06-SP5-5/auxx/gui/common/misc/timing.tcl
/tools/synopsys/syn/O-2018.06-SP5-5/auxx/gui/common/misc/setting.tcl
/tools/synopsys/syn/O-2018.06-SP5-5/auxx/gui/common/misc/preset.tcl
/tools/synopsys/syn/O-2018.06-SP5-5/auxx/gui/common/WindowFrameWork/windowFrameWork.tcl
/tools/synopsys/syn/O-2018.06-SP5-5/auxx/gui/common/WindowFrameWork/skipBusyCursorCmdList.tcl
/tools/synopsys/syn/O-2018.06-SP5-5/auxx/gui/common/docBrowser/docBrowser.tcl
/tools/synopsys/syn/O-2018.06-SP5-5/auxx/tcllib/snps_tcl/snpsUtils/snpsUtils.tcl
/tools/synopsys/syn/O-2018.06-SP5-5/auxx/gui/common/dialogs/ObjectChooser.tcl
/tools/synopsys/syn/O-2018.06-SP5-5/auxx/gui/common/misc/DialogObjectChooser.tcl
/tools/synopsys/syn/O-2018.06-SP5-5/auxx/gui/common/dialogs/HistBinInformation.tcl
/tools/synopsys/syn/O-2018.06-SP5-5/auxx/gui/common/dialogs/HistBin1Information.tcl
/tools/synopsys/syn/O-2018.06-SP5-5/auxx/gui/common/dialogs/BinsOnlyInformation.tcl
/tools/synopsys/syn/O-2018.06-SP5-5/auxx/gui/common/dialogs/FileChooser.tcl
/tools/synopsys/syn/O-2018.06-SP5-5/auxx/gui/common/dialogs/PathPinSimpleInfo.tcl
/tools/synopsys/syn/O-2018.06-SP5-5/auxx/gui/common/dialogs/PathsBasicInfo.tcl
/tools/synopsys/syn/O-2018.06-SP5-5/auxx/gui/common/dialogs/PathsBasicSimpleInfo.tcl
/tools/synopsys/syn/O-2018.06-SP5-5/auxx/gui/common/dialogs/SlctOperationInfo.tcl
/tools/synopsys/syn/O-2018.06-SP5-5/auxx/gui/common/dialogs/ObjectListInfo.tcl
/tools/synopsys/syn/O-2018.06-SP5-5/auxx/gui/common/dialogs/FanInOutInfo.tcl
/tools/synopsys/syn/O-2018.06-SP5-5/auxx/gui/common/dialogs/NumberOfLevelsChooser.tcl
/tools/synopsys/syn/O-2018.06-SP5-5/auxx/gui/common/dialogs/WindowReuseInfo.tcl
/tools/synopsys/syn/O-2018.06-SP5-5/auxx/gui/common/dialogs/ReportOutputOptionInfo.tcl
/tools/synopsys/syn/O-2018.06-SP5-5/auxx/gui/common/setup/snpsCollections.tcl
/tools/synopsys/syn/O-2018.06-SP5-5/auxx/gui/common/dialogs/CompileLinkDesign.tcl
/tools/synopsys/syn/O-2018.06-SP5-5/auxx/gui/common/histogram/DialogEndpointSlack.tcl
/tools/synopsys/syn/O-2018.06-SP5-5/auxx/gui/common/histogram/DialogPathsSlack.tcl
/tools/synopsys/syn/O-2018.06-SP5-5/auxx/gui/common/histogram/DialogNetCapacitance.tcl
/tools/synopsys/syn/O-2018.06-SP5-5/auxx/gui/common/schematic/DialogPathSchematicFanInOut.tcl
/tools/synopsys/syn/O-2018.06-SP5-5/auxx/gui/common/schematic/DialogPathSchematicAddPaths.tcl
/home1/std6/ASIC/2024_4_1_ASICFrontEnd/lab05_06/Design/syn/scr/syn.tcl
/tools/synopsys/syn/O-2018.06-SP5-5/libraries/syn/class.db
/tools/synopsys/syn/O-2018.06-SP5-5/libraries/syn/gtech.db
/tools/synopsys/syn/O-2018.06-SP5-5/libraries/syn/standard.sldb
/home1/std6/ASIC/2024_4_1_ASICFrontEnd/lab05_06/Design/rtl/my_design.v
/home1/std6/ASIC/2024_4_1_ASICFrontEnd/lab05_06/Design/rtl/combo.v
/home1/std6/ASIC/2024_4_1_ASICFrontEnd/lab05_06/Design/rtl/my_design.v
/home1/std6/ASIC/2024_4_1_ASICFrontEnd/lab05_06/Design/rtl/combo.v
/home1/std6/synopsys_cache_O-2018.06-SP5-5/DW01/DW01_MUX/str/class_4598_8167_5818/element.ddc
/home1/std6/synopsys_cache_O-2018.06-SP5-5/DW01/DW01_mmux/str/2/class_4598_8167_5818/element.ddc
/home1/std6/synopsys_cache_O-2018.06-SP5-5/DW01/DW01_mmux/str/3/class_4598_8167_5818/element.ddc
/home1/std6/synopsys_cache_O-2018.06-SP5-5/DW01/DW01_mmux/str/4/class_4598_8167_5818/element.ddc
/home1/std6/synopsys_cache_O-2018.06-SP5-5/DW01/DW01_mmux/str/5/class_4598_8167_5818/element.ddc
/home1/std6/synopsys_cache_O-2018.06-SP5-5/DW01/DW01_add/rpl/5/class_4598_8167_5818/element.ddc
/home1/std6/synopsys_cache_O-2018.06-SP5-5/DW01/DW01_add/cla/5/class_4598_8167_5818/element.ddc
/home1/std6/synopsys_cache_O-2018.06-SP5-5/DW01/DW01_sub/rpl/5/class_4598_8167_5818/element.ddc
/home1/std6/synopsys_cache_O-2018.06-SP5-5/DW01/DW01_sub/cla/5/class_4598_8167_5818/element.ddc
/home1/std6/synopsys_cache_O-2018.06-SP5-5/DW01/DW01_NOT/str/class_4598_8167_5818/element.ddc
/home1/std6/synopsys_cache_O-2018.06-SP5-5/DW01/DW01_addsub/rpl/5/class_4598_8167_5818/element.ddc
/home1/std6/synopsys_cache_O-2018.06-SP5-5/DW01/DW01_addsub/cla/5/class_4598_8167_5818/element.ddc
/home1/std6/synopsys_cache_O-2018.06-SP5-5/DW01/DW01_sub/rpl/5/class_4598/element.ddc
/home1/std6/synopsys_cache_O-2018.06-SP5-5/DW01/DW01_addsub/rpl/5/class_4598/element.ddc
/tools/synopsys/syn/O-2018.06-SP5-5/libraries/syn/class.db
/tools/synopsys/syn/O-2018.06-SP5-5/libraries/syn/dw_foundation.sldb
/tools/synopsys/syn/O-2018.06-SP5-5/libraries/syn/class.db
/home1/std6/ASIC/2024_4_1_ASICFrontEnd/lab05_06/Design/syn/alib-52/class.db.alib
/home1/std6/ASIC/2024_4_1_ASICFrontEnd/lab05_06/Design/syn/alib-52/alib_analyze_libs.tcl.e
/tools/synopsys/syn/O-2018.06-SP5-5/libraries/syn/class.db
/home1/std6/ASIC/2024_4_1_ASICFrontEnd/lab05_06/Design/syn/alib-52/class.db.alib
