
                           Design Compiler Graphical 
                                 DC Ultra (TM)
                                  DFTMAX (TM)
                              Power Compiler (TM)
                                 DesignWare (R)
                                 DC Expert (TM)
                               Design Vision (TM)
                               HDL Compiler (TM)
                               VHDL Compiler (TM)
                                  DFT Compiler
                               Design Compiler(R)

              Version O-2018.06-SP5-5 for linux64 - Sep 04, 2019 

                    Copyright (c) 1988 - 2019 Synopsys, Inc.
   This software and the associated documentation are proprietary to Synopsys,
 Inc. This software may only be used in accordance with the terms and conditions
 of a written license agreement with Synopsys, Inc. All other use, reproduction,
            or distribution of this software is strictly prohibited.
Initializing...
# .tcl file
#read_verilog {top.sv mul.sv add.sv}
#analyze -format verilog {top.sv mul.sv add.sv}
#analyze -format sverilog {top.sv mul.sv add.sv}
analyze -format sverilog {/home1/std6/ASIC/2024_4_1_ASICFrontEnd/FINAL_PROJECT/rtl/top.sv}
Running PRESTO HDLC
Compiling source file /home1/std6/ASIC/2024_4_1_ASICFrontEnd/FINAL_PROJECT/rtl/top.sv
Presto compilation completed successfully.
Loading db file '/tools/synopsys/syn/O-2018.06-SP5-5/libraries/syn/class.db'
1
analyze -format sverilog {/home1/std6/ASIC/2024_4_1_ASICFrontEnd/FINAL_PROJECT/rtl/mul.sv}
Running PRESTO HDLC
Compiling source file /home1/std6/ASIC/2024_4_1_ASICFrontEnd/FINAL_PROJECT/rtl/mul.sv
Presto compilation completed successfully.
1
analyze -format sverilog {/home1/std6/ASIC/2024_4_1_ASICFrontEnd/FINAL_PROJECT/rtl/add.sv}
Running PRESTO HDLC
Compiling source file /home1/std6/ASIC/2024_4_1_ASICFrontEnd/FINAL_PROJECT/rtl/add.sv
Presto compilation completed successfully.
1
elaborate top
Loading db file '/tools/synopsys/syn/O-2018.06-SP5-5/libraries/syn/gtech.db'
Loading db file '/tools/synopsys/syn/O-2018.06-SP5-5/libraries/syn/standard.sldb'
  Loading link library 'class'
  Loading link library 'gtech'
Running PRESTO HDLC

Inferred memory devices in process
	in routine top line 135 in file
		'/home1/std6/ASIC/2024_4_1_ASICFrontEnd/FINAL_PROJECT/rtl/top.sv'.
===============================================================================
|    Register Name    |   Type    | Width | Bus | MB | AR | AS | SR | SS | ST |
===============================================================================
|    xn_data_0_reg    | Flip-flop |   8   |  Y  | N  | Y  | N  | N  | N  | N  |
===============================================================================

Inferred memory devices in process
	in routine top line 144 in file
		'/home1/std6/ASIC/2024_4_1_ASICFrontEnd/FINAL_PROJECT/rtl/top.sv'.
===============================================================================
|    Register Name    |   Type    | Width | Bus | MB | AR | AS | SR | SS | ST |
===============================================================================
|    xn_data_1_reg    | Flip-flop |   8   |  Y  | N  | Y  | N  | N  | N  | N  |
===============================================================================

Inferred memory devices in process
	in routine top line 153 in file
		'/home1/std6/ASIC/2024_4_1_ASICFrontEnd/FINAL_PROJECT/rtl/top.sv'.
===============================================================================
|    Register Name    |   Type    | Width | Bus | MB | AR | AS | SR | SS | ST |
===============================================================================
|    xn_data_2_reg    | Flip-flop |   8   |  Y  | N  | Y  | N  | N  | N  | N  |
===============================================================================

Inferred memory devices in process
	in routine top line 162 in file
		'/home1/std6/ASIC/2024_4_1_ASICFrontEnd/FINAL_PROJECT/rtl/top.sv'.
===============================================================================
|    Register Name    |   Type    | Width | Bus | MB | AR | AS | SR | SS | ST |
===============================================================================
|    xn_data_3_reg    | Flip-flop |   8   |  Y  | N  | Y  | N  | N  | N  | N  |
===============================================================================

Inferred memory devices in process
	in routine top line 171 in file
		'/home1/std6/ASIC/2024_4_1_ASICFrontEnd/FINAL_PROJECT/rtl/top.sv'.
===============================================================================
|    Register Name    |   Type    | Width | Bus | MB | AR | AS | SR | SS | ST |
===============================================================================
|    xn_data_4_reg    | Flip-flop |   8   |  Y  | N  | Y  | N  | N  | N  | N  |
===============================================================================

Inferred memory devices in process
	in routine top line 180 in file
		'/home1/std6/ASIC/2024_4_1_ASICFrontEnd/FINAL_PROJECT/rtl/top.sv'.
===============================================================================
|    Register Name    |   Type    | Width | Bus | MB | AR | AS | SR | SS | ST |
===============================================================================
|    xn_data_5_reg    | Flip-flop |   8   |  Y  | N  | Y  | N  | N  | N  | N  |
===============================================================================

Inferred memory devices in process
	in routine top line 189 in file
		'/home1/std6/ASIC/2024_4_1_ASICFrontEnd/FINAL_PROJECT/rtl/top.sv'.
===============================================================================
|    Register Name    |   Type    | Width | Bus | MB | AR | AS | SR | SS | ST |
===============================================================================
|    xn_data_6_reg    | Flip-flop |   8   |  Y  | N  | Y  | N  | N  | N  | N  |
===============================================================================

Inferred memory devices in process
	in routine top line 198 in file
		'/home1/std6/ASIC/2024_4_1_ASICFrontEnd/FINAL_PROJECT/rtl/top.sv'.
===============================================================================
|    Register Name    |   Type    | Width | Bus | MB | AR | AS | SR | SS | ST |
===============================================================================
|    xn_data_7_reg    | Flip-flop |   8   |  Y  | N  | Y  | N  | N  | N  | N  |
===============================================================================

Inferred memory devices in process
	in routine top line 207 in file
		'/home1/std6/ASIC/2024_4_1_ASICFrontEnd/FINAL_PROJECT/rtl/top.sv'.
===============================================================================
|    Register Name    |   Type    | Width | Bus | MB | AR | AS | SR | SS | ST |
===============================================================================
|    xn_data_8_reg    | Flip-flop |   8   |  Y  | N  | Y  | N  | N  | N  | N  |
===============================================================================

Inferred memory devices in process
	in routine top line 216 in file
		'/home1/std6/ASIC/2024_4_1_ASICFrontEnd/FINAL_PROJECT/rtl/top.sv'.
===============================================================================
|    Register Name    |   Type    | Width | Bus | MB | AR | AS | SR | SS | ST |
===============================================================================
|    xn_data_9_reg    | Flip-flop |   8   |  Y  | N  | Y  | N  | N  | N  | N  |
===============================================================================

Inferred memory devices in process
	in routine top line 225 in file
		'/home1/std6/ASIC/2024_4_1_ASICFrontEnd/FINAL_PROJECT/rtl/top.sv'.
===============================================================================
|    Register Name    |   Type    | Width | Bus | MB | AR | AS | SR | SS | ST |
===============================================================================
|   xn_data_10_reg    | Flip-flop |   8   |  Y  | N  | Y  | N  | N  | N  | N  |
===============================================================================

Inferred memory devices in process
	in routine top line 234 in file
		'/home1/std6/ASIC/2024_4_1_ASICFrontEnd/FINAL_PROJECT/rtl/top.sv'.
===============================================================================
|    Register Name    |   Type    | Width | Bus | MB | AR | AS | SR | SS | ST |
===============================================================================
|   xn_data_11_reg    | Flip-flop |   8   |  Y  | N  | Y  | N  | N  | N  | N  |
===============================================================================

Inferred memory devices in process
	in routine top line 243 in file
		'/home1/std6/ASIC/2024_4_1_ASICFrontEnd/FINAL_PROJECT/rtl/top.sv'.
===============================================================================
|    Register Name    |   Type    | Width | Bus | MB | AR | AS | SR | SS | ST |
===============================================================================
|   xn_data_12_reg    | Flip-flop |   8   |  Y  | N  | Y  | N  | N  | N  | N  |
===============================================================================

Inferred memory devices in process
	in routine top line 252 in file
		'/home1/std6/ASIC/2024_4_1_ASICFrontEnd/FINAL_PROJECT/rtl/top.sv'.
===============================================================================
|    Register Name    |   Type    | Width | Bus | MB | AR | AS | SR | SS | ST |
===============================================================================
|   xn_data_13_reg    | Flip-flop |   8   |  Y  | N  | Y  | N  | N  | N  | N  |
===============================================================================

Inferred memory devices in process
	in routine top line 261 in file
		'/home1/std6/ASIC/2024_4_1_ASICFrontEnd/FINAL_PROJECT/rtl/top.sv'.
===============================================================================
|    Register Name    |   Type    | Width | Bus | MB | AR | AS | SR | SS | ST |
===============================================================================
|   xn_data_14_reg    | Flip-flop |   8   |  Y  | N  | Y  | N  | N  | N  | N  |
===============================================================================

Inferred memory devices in process
	in routine top line 270 in file
		'/home1/std6/ASIC/2024_4_1_ASICFrontEnd/FINAL_PROJECT/rtl/top.sv'.
===============================================================================
|    Register Name    |   Type    | Width | Bus | MB | AR | AS | SR | SS | ST |
===============================================================================
|   xn_data_15_reg    | Flip-flop |   8   |  Y  | N  | Y  | N  | N  | N  | N  |
===============================================================================

Inferred memory devices in process
	in routine top line 279 in file
		'/home1/std6/ASIC/2024_4_1_ASICFrontEnd/FINAL_PROJECT/rtl/top.sv'.
===============================================================================
|    Register Name    |   Type    | Width | Bus | MB | AR | AS | SR | SS | ST |
===============================================================================
|   xn_data_16_reg    | Flip-flop |   8   |  Y  | N  | Y  | N  | N  | N  | N  |
===============================================================================

Inferred memory devices in process
	in routine top line 288 in file
		'/home1/std6/ASIC/2024_4_1_ASICFrontEnd/FINAL_PROJECT/rtl/top.sv'.
===============================================================================
|    Register Name    |   Type    | Width | Bus | MB | AR | AS | SR | SS | ST |
===============================================================================
|   xn_data_17_reg    | Flip-flop |   8   |  Y  | N  | Y  | N  | N  | N  | N  |
===============================================================================

Inferred memory devices in process
	in routine top line 297 in file
		'/home1/std6/ASIC/2024_4_1_ASICFrontEnd/FINAL_PROJECT/rtl/top.sv'.
===============================================================================
|    Register Name    |   Type    | Width | Bus | MB | AR | AS | SR | SS | ST |
===============================================================================
|   xn_data_18_reg    | Flip-flop |   8   |  Y  | N  | Y  | N  | N  | N  | N  |
===============================================================================

Inferred memory devices in process
	in routine top line 523 in file
		'/home1/std6/ASIC/2024_4_1_ASICFrontEnd/FINAL_PROJECT/rtl/top.sv'.
===============================================================================
|    Register Name    |   Type    | Width | Bus | MB | AR | AS | SR | SS | ST |
===============================================================================
|   mul_hn_8_r_reg    | Flip-flop |  16   |  Y  | N  | Y  | N  | N  | N  | N  |
|   mul_hn_0_r_reg    | Flip-flop |  16   |  Y  | N  | Y  | N  | N  | N  | N  |
|   mul_hn_1_r_reg    | Flip-flop |  16   |  Y  | N  | Y  | N  | N  | N  | N  |
|   mul_hn_2_r_reg    | Flip-flop |  16   |  Y  | N  | Y  | N  | N  | N  | N  |
|   mul_hn_3_r_reg    | Flip-flop |  16   |  Y  | N  | Y  | N  | N  | N  | N  |
|   mul_hn_4_r_reg    | Flip-flop |  16   |  Y  | N  | Y  | N  | N  | N  | N  |
|   mul_hn_5_r_reg    | Flip-flop |  16   |  Y  | N  | Y  | N  | N  | N  | N  |
|   mul_hn_6_r_reg    | Flip-flop |  16   |  Y  | N  | Y  | N  | N  | N  | N  |
|   mul_hn_7_r_reg    | Flip-flop |  16   |  Y  | N  | Y  | N  | N  | N  | N  |
===============================================================================

Inferred memory devices in process
	in routine top line 548 in file
		'/home1/std6/ASIC/2024_4_1_ASICFrontEnd/FINAL_PROJECT/rtl/top.sv'.
===============================================================================
|    Register Name    |   Type    | Width | Bus | MB | AR | AS | SR | SS | ST |
===============================================================================
|   mul_hn_9_r_reg    | Flip-flop |  15   |  Y  | N  | Y  | N  | N  | N  | N  |
===============================================================================
Presto compilation completed successfully.
Elaborated 1 design.
Current design is now 'top'.
Information: Building the design 'add' instantiated from design 'top' with
	the parameters "SIGN_BIT=1,INT_BIT=7,FLT_BIT=0". (HDL-193)
Presto compilation completed successfully.
Information: Building the design 'mul' instantiated from design 'top' with
	the parameters "D_WIDTH1=9,D_WIDTH2=8". (HDL-193)

Inferred memory devices in process
	in routine mul_D_WIDTH19_D_WIDTH28 line 38 in file
		'/home1/std6/ASIC/2024_4_1_ASICFrontEnd/FINAL_PROJECT/rtl/mul.sv'.
===============================================================================
|    Register Name    |   Type    | Width | Bus | MB | AR | AS | SR | SS | ST |
===============================================================================
|     mul_abs_reg     | Flip-flop |  15   |  Y  | N  | Y  | N  | N  | N  | N  |
===============================================================================

Inferred memory devices in process
	in routine mul_D_WIDTH19_D_WIDTH28 line 48 in file
		'/home1/std6/ASIC/2024_4_1_ASICFrontEnd/FINAL_PROJECT/rtl/mul.sv'.
===============================================================================
|    Register Name    |   Type    | Width | Bus | MB | AR | AS | SR | SS | ST |
===============================================================================
|    b_sign_d_reg     | Flip-flop |   1   |  N  | N  | Y  | N  | N  | N  | N  |
|    a_sign_d_reg     | Flip-flop |   1   |  N  | N  | Y  | N  | N  | N  | N  |
===============================================================================
Presto compilation completed successfully.
Information: Building the design 'mul' instantiated from design 'top' with
	the parameters "D_WIDTH1=8,D_WIDTH2=8". (HDL-193)

Inferred memory devices in process
	in routine mul_D_WIDTH18_D_WIDTH28 line 38 in file
		'/home1/std6/ASIC/2024_4_1_ASICFrontEnd/FINAL_PROJECT/rtl/mul.sv'.
===============================================================================
|    Register Name    |   Type    | Width | Bus | MB | AR | AS | SR | SS | ST |
===============================================================================
|     mul_abs_reg     | Flip-flop |  14   |  Y  | N  | Y  | N  | N  | N  | N  |
===============================================================================

Inferred memory devices in process
	in routine mul_D_WIDTH18_D_WIDTH28 line 48 in file
		'/home1/std6/ASIC/2024_4_1_ASICFrontEnd/FINAL_PROJECT/rtl/mul.sv'.
===============================================================================
|    Register Name    |   Type    | Width | Bus | MB | AR | AS | SR | SS | ST |
===============================================================================
|    b_sign_d_reg     | Flip-flop |   1   |  N  | N  | Y  | N  | N  | N  | N  |
|    a_sign_d_reg     | Flip-flop |   1   |  N  | N  | Y  | N  | N  | N  | N  |
===============================================================================
Presto compilation completed successfully.
Information: Building the design 'add' instantiated from design 'top' with
	the parameters "SIGN_BIT=1,INT_BIT=15,FLT_BIT=0". (HDL-193)
Presto compilation completed successfully.
Information: Building the design 'add' instantiated from design 'top' with
	the parameters "SIGN_BIT=1,INT_BIT=16,FLT_BIT=0". (HDL-193)
Presto compilation completed successfully.
Information: Building the design 'add' instantiated from design 'top' with
	the parameters "SIGN_BIT=1,INT_BIT=17,FLT_BIT=0". (HDL-193)
Presto compilation completed successfully.
Information: Building the design 'add' instantiated from design 'top' with
	the parameters "SIGN_BIT=1,INT_BIT=18,FLT_BIT=0". (HDL-193)
Presto compilation completed successfully.
1
write_file -format ddc -hier -output unmapped/top_unmapped.ddc
Writing ddc file 'unmapped/top_unmapped.ddc'.
1
# 
redirect -tee -file rpt/pre_final.rpt {link}

  Linking design 'top'
  Using the following designs and libraries:
  --------------------------------------------------------------------------
  class (library)             /tools/synopsys/syn/O-2018.06-SP5-5/libraries/syn/class.db

1
redirect -append -tee -file rpt/pre_final.rpt {check_design}   
 
****************************************
check_design summary:
Version:     O-2018.06-SP5-5
Date:        Thu Jun 13 13:38:19 2024
****************************************

                   Name                                            Total
--------------------------------------------------------------------------------
Inputs/Outputs                                                      1
    Unconnected ports (LINT-28)                                     1

Cells                                                             105
    Cells do not drive (LINT-1)                                     6
    Connected to power or ground (LINT-32)                         80
    Nets connected to multiple pins on same cell (LINT-33)         19

Nets                                                               11
    Unloaded nets (LINT-2)                                         11
--------------------------------------------------------------------------------

Warning: In design 'mul_D_WIDTH19_D_WIDTH28', cell 'B_7' does not drive any nets. (LINT-1)
Warning: In design 'mul_D_WIDTH19_D_WIDTH28', cell 'B_8' does not drive any nets. (LINT-1)
Warning: In design 'mul_D_WIDTH19_D_WIDTH28', cell 'B_9' does not drive any nets. (LINT-1)
Warning: In design 'mul_D_WIDTH18_D_WIDTH28', cell 'B_7' does not drive any nets. (LINT-1)
Warning: In design 'mul_D_WIDTH18_D_WIDTH28', cell 'B_8' does not drive any nets. (LINT-1)
Warning: In design 'mul_D_WIDTH18_D_WIDTH28', cell 'B_9' does not drive any nets. (LINT-1)
Warning: In design 'top', net 'add_fin_step4[0]' driven by pin 'u_add_final/dout[0]' has no loads. (LINT-2)
Warning: In design 'top', net 'add_fin_step4[1]' driven by pin 'u_add_final/dout[1]' has no loads. (LINT-2)
Warning: In design 'top', net 'add_fin_step4[2]' driven by pin 'u_add_final/dout[2]' has no loads. (LINT-2)
Warning: In design 'top', net 'add_fin_step4[3]' driven by pin 'u_add_final/dout[3]' has no loads. (LINT-2)
Warning: In design 'top', net 'add_fin_step4[4]' driven by pin 'u_add_final/dout[4]' has no loads. (LINT-2)
Warning: In design 'top', net 'add_fin_step4[5]' driven by pin 'u_add_final/dout[5]' has no loads. (LINT-2)
Warning: In design 'top', net 'add_fin_step4[6]' driven by pin 'u_add_final/dout[6]' has no loads. (LINT-2)
Warning: In design 'top', net 'add_fin_step4[7]' driven by pin 'u_add_final/dout[7]' has no loads. (LINT-2)
Warning: In design 'top', net 'add_fin_step4[8]' driven by pin 'u_add_final/dout[8]' has no loads. (LINT-2)
Warning: In design 'top', net 'add_fin_step4[17]' driven by pin 'u_add_final/dout[17]' has no loads. (LINT-2)
Warning: In design 'top', net 'add_fin_step4[18]' driven by pin 'u_add_final/dout[18]' has no loads. (LINT-2)
Warning: In design 'top', port 'start' is not connected to any nets. (LINT-28)
Warning: In design 'top', a pin on submodule 'u_mul_hn0' is connected to logic 1 or logic 0. (LINT-32)
   Pin 'mul_b[7]' is connected to logic 0. 
Warning: In design 'top', a pin on submodule 'u_mul_hn0' is connected to logic 1 or logic 0. (LINT-32)
   Pin 'mul_b[6]' is connected to logic 0. 
Warning: In design 'top', a pin on submodule 'u_mul_hn0' is connected to logic 1 or logic 0. (LINT-32)
   Pin 'mul_b[5]' is connected to logic 0. 
Warning: In design 'top', a pin on submodule 'u_mul_hn0' is connected to logic 1 or logic 0. (LINT-32)
   Pin 'mul_b[4]' is connected to logic 0. 
Warning: In design 'top', a pin on submodule 'u_mul_hn0' is connected to logic 1 or logic 0. (LINT-32)
   Pin 'mul_b[3]' is connected to logic 1. 
Warning: In design 'top', a pin on submodule 'u_mul_hn0' is connected to logic 1 or logic 0. (LINT-32)
   Pin 'mul_b[2]' is connected to logic 0. 
Warning: In design 'top', a pin on submodule 'u_mul_hn0' is connected to logic 1 or logic 0. (LINT-32)
   Pin 'mul_b[1]' is connected to logic 1. 
Warning: In design 'top', a pin on submodule 'u_mul_hn0' is connected to logic 1 or logic 0. (LINT-32)
   Pin 'mul_b[0]' is connected to logic 0. 
Warning: In design 'top', a pin on submodule 'u_mul_hn1' is connected to logic 1 or logic 0. (LINT-32)
   Pin 'mul_b[7]' is connected to logic 0. 
Warning: In design 'top', a pin on submodule 'u_mul_hn1' is connected to logic 1 or logic 0. (LINT-32)
   Pin 'mul_b[6]' is connected to logic 0. 
Warning: In design 'top', a pin on submodule 'u_mul_hn1' is connected to logic 1 or logic 0. (LINT-32)
   Pin 'mul_b[5]' is connected to logic 0. 
Warning: In design 'top', a pin on submodule 'u_mul_hn1' is connected to logic 1 or logic 0. (LINT-32)
   Pin 'mul_b[4]' is connected to logic 0. 
Warning: In design 'top', a pin on submodule 'u_mul_hn1' is connected to logic 1 or logic 0. (LINT-32)
   Pin 'mul_b[3]' is connected to logic 0. 
Warning: In design 'top', a pin on submodule 'u_mul_hn1' is connected to logic 1 or logic 0. (LINT-32)
   Pin 'mul_b[2]' is connected to logic 0. 
Warning: In design 'top', a pin on submodule 'u_mul_hn1' is connected to logic 1 or logic 0. (LINT-32)
   Pin 'mul_b[1]' is connected to logic 0. 
Warning: In design 'top', a pin on submodule 'u_mul_hn1' is connected to logic 1 or logic 0. (LINT-32)
   Pin 'mul_b[0]' is connected to logic 0. 
Warning: In design 'top', a pin on submodule 'u_mul_hn2' is connected to logic 1 or logic 0. (LINT-32)
   Pin 'mul_b[7]' is connected to logic 1. 
Warning: In design 'top', a pin on submodule 'u_mul_hn2' is connected to logic 1 or logic 0. (LINT-32)
   Pin 'mul_b[6]' is connected to logic 1. 
Warning: In design 'top', a pin on submodule 'u_mul_hn2' is connected to logic 1 or logic 0. (LINT-32)
   Pin 'mul_b[5]' is connected to logic 1. 
Warning: In design 'top', a pin on submodule 'u_mul_hn2' is connected to logic 1 or logic 0. (LINT-32)
   Pin 'mul_b[4]' is connected to logic 1. 
Warning: In design 'top', a pin on submodule 'u_mul_hn2' is connected to logic 1 or logic 0. (LINT-32)
   Pin 'mul_b[3]' is connected to logic 0. 
Warning: In design 'top', a pin on submodule 'u_mul_hn2' is connected to logic 1 or logic 0. (LINT-32)
   Pin 'mul_b[2]' is connected to logic 0. 
Warning: In design 'top', a pin on submodule 'u_mul_hn2' is connected to logic 1 or logic 0. (LINT-32)
   Pin 'mul_b[1]' is connected to logic 1. 
Warning: In design 'top', a pin on submodule 'u_mul_hn2' is connected to logic 1 or logic 0. (LINT-32)
   Pin 'mul_b[0]' is connected to logic 0. 
Warning: In design 'top', a pin on submodule 'u_mul_hn3' is connected to logic 1 or logic 0. (LINT-32)
   Pin 'mul_b[7]' is connected to logic 1. 
Warning: In design 'top', a pin on submodule 'u_mul_hn3' is connected to logic 1 or logic 0. (LINT-32)
   Pin 'mul_b[6]' is connected to logic 1. 
Warning: In design 'top', a pin on submodule 'u_mul_hn3' is connected to logic 1 or logic 0. (LINT-32)
   Pin 'mul_b[5]' is connected to logic 1. 
Warning: In design 'top', a pin on submodule 'u_mul_hn3' is connected to logic 1 or logic 0. (LINT-32)
   Pin 'mul_b[4]' is connected to logic 0. 
Warning: In design 'top', a pin on submodule 'u_mul_hn3' is connected to logic 1 or logic 0. (LINT-32)
   Pin 'mul_b[3]' is connected to logic 1. 
Warning: In design 'top', a pin on submodule 'u_mul_hn3' is connected to logic 1 or logic 0. (LINT-32)
   Pin 'mul_b[2]' is connected to logic 0. 
Warning: In design 'top', a pin on submodule 'u_mul_hn3' is connected to logic 1 or logic 0. (LINT-32)
   Pin 'mul_b[1]' is connected to logic 0. 
Warning: In design 'top', a pin on submodule 'u_mul_hn3' is connected to logic 1 or logic 0. (LINT-32)
   Pin 'mul_b[0]' is connected to logic 0. 
Warning: In design 'top', a pin on submodule 'u_mul_hn4' is connected to logic 1 or logic 0. (LINT-32)
   Pin 'mul_b[7]' is connected to logic 1. 
Warning: In design 'top', a pin on submodule 'u_mul_hn4' is connected to logic 1 or logic 0. (LINT-32)
   Pin 'mul_b[6]' is connected to logic 1. 
Warning: In design 'top', a pin on submodule 'u_mul_hn4' is connected to logic 1 or logic 0. (LINT-32)
   Pin 'mul_b[5]' is connected to logic 1. 
Warning: In design 'top', a pin on submodule 'u_mul_hn4' is connected to logic 1 or logic 0. (LINT-32)
   Pin 'mul_b[4]' is connected to logic 0. 
Warning: In design 'top', a pin on submodule 'u_mul_hn4' is connected to logic 1 or logic 0. (LINT-32)
   Pin 'mul_b[3]' is connected to logic 1. 
Warning: In design 'top', a pin on submodule 'u_mul_hn4' is connected to logic 1 or logic 0. (LINT-32)
   Pin 'mul_b[2]' is connected to logic 0. 
Warning: In design 'top', a pin on submodule 'u_mul_hn4' is connected to logic 1 or logic 0. (LINT-32)
   Pin 'mul_b[1]' is connected to logic 1. 
Warning: In design 'top', a pin on submodule 'u_mul_hn4' is connected to logic 1 or logic 0. (LINT-32)
   Pin 'mul_b[0]' is connected to logic 1. 
Warning: In design 'top', a pin on submodule 'u_mul_hn5' is connected to logic 1 or logic 0. (LINT-32)
   Pin 'mul_b[7]' is connected to logic 0. 
Warning: In design 'top', a pin on submodule 'u_mul_hn5' is connected to logic 1 or logic 0. (LINT-32)
   Pin 'mul_b[6]' is connected to logic 0. 
Warning: In design 'top', a pin on submodule 'u_mul_hn5' is connected to logic 1 or logic 0. (LINT-32)
   Pin 'mul_b[5]' is connected to logic 0. 
Warning: In design 'top', a pin on submodule 'u_mul_hn5' is connected to logic 1 or logic 0. (LINT-32)
   Pin 'mul_b[4]' is connected to logic 0. 
Warning: In design 'top', a pin on submodule 'u_mul_hn5' is connected to logic 1 or logic 0. (LINT-32)
   Pin 'mul_b[3]' is connected to logic 0. 
Warning: In design 'top', a pin on submodule 'u_mul_hn5' is connected to logic 1 or logic 0. (LINT-32)
   Pin 'mul_b[2]' is connected to logic 0. 
Warning: In design 'top', a pin on submodule 'u_mul_hn5' is connected to logic 1 or logic 0. (LINT-32)
   Pin 'mul_b[1]' is connected to logic 0. 
Warning: In design 'top', a pin on submodule 'u_mul_hn5' is connected to logic 1 or logic 0. (LINT-32)
   Pin 'mul_b[0]' is connected to logic 0. 
Warning: In design 'top', a pin on submodule 'u_mul_hn6' is connected to logic 1 or logic 0. (LINT-32)
   Pin 'mul_b[7]' is connected to logic 0. 
Warning: In design 'top', a pin on submodule 'u_mul_hn6' is connected to logic 1 or logic 0. (LINT-32)
   Pin 'mul_b[6]' is connected to logic 0. 
Warning: In design 'top', a pin on submodule 'u_mul_hn6' is connected to logic 1 or logic 0. (LINT-32)
   Pin 'mul_b[5]' is connected to logic 1. 
Warning: In design 'top', a pin on submodule 'u_mul_hn6' is connected to logic 1 or logic 0. (LINT-32)
   Pin 'mul_b[4]' is connected to logic 0. 
Warning: In design 'top', a pin on submodule 'u_mul_hn6' is connected to logic 1 or logic 0. (LINT-32)
   Pin 'mul_b[3]' is connected to logic 0. 
Warning: In design 'top', a pin on submodule 'u_mul_hn6' is connected to logic 1 or logic 0. (LINT-32)
   Pin 'mul_b[2]' is connected to logic 1. 
Warning: In design 'top', a pin on submodule 'u_mul_hn6' is connected to logic 1 or logic 0. (LINT-32)
   Pin 'mul_b[1]' is connected to logic 0. 
Warning: In design 'top', a pin on submodule 'u_mul_hn6' is connected to logic 1 or logic 0. (LINT-32)
   Pin 'mul_b[0]' is connected to logic 1. 
Warning: In design 'top', a pin on submodule 'u_mul_hn7' is connected to logic 1 or logic 0. (LINT-32)
   Pin 'mul_b[7]' is connected to logic 0. 
Warning: In design 'top', a pin on submodule 'u_mul_hn7' is connected to logic 1 or logic 0. (LINT-32)
   Pin 'mul_b[6]' is connected to logic 1. 
Warning: In design 'top', a pin on submodule 'u_mul_hn7' is connected to logic 1 or logic 0. (LINT-32)
   Pin 'mul_b[5]' is connected to logic 0. 
Warning: In design 'top', a pin on submodule 'u_mul_hn7' is connected to logic 1 or logic 0. (LINT-32)
   Pin 'mul_b[4]' is connected to logic 1. 
Warning: In design 'top', a pin on submodule 'u_mul_hn7' is connected to logic 1 or logic 0. (LINT-32)
   Pin 'mul_b[3]' is connected to logic 0. 
Warning: In design 'top', a pin on submodule 'u_mul_hn7' is connected to logic 1 or logic 0. (LINT-32)
   Pin 'mul_b[2]' is connected to logic 0. 
Warning: In design 'top', a pin on submodule 'u_mul_hn7' is connected to logic 1 or logic 0. (LINT-32)
   Pin 'mul_b[1]' is connected to logic 0. 
Warning: In design 'top', a pin on submodule 'u_mul_hn7' is connected to logic 1 or logic 0. (LINT-32)
   Pin 'mul_b[0]' is connected to logic 0. 
Warning: In design 'top', a pin on submodule 'u_mul_hn8' is connected to logic 1 or logic 0. (LINT-32)
   Pin 'mul_b[7]' is connected to logic 0. 
Warning: In design 'top', a pin on submodule 'u_mul_hn8' is connected to logic 1 or logic 0. (LINT-32)
   Pin 'mul_b[6]' is connected to logic 1. 
Warning: In design 'top', a pin on submodule 'u_mul_hn8' is connected to logic 1 or logic 0. (LINT-32)
   Pin 'mul_b[5]' is connected to logic 1. 
Warning: In design 'top', a pin on submodule 'u_mul_hn8' is connected to logic 1 or logic 0. (LINT-32)
   Pin 'mul_b[4]' is connected to logic 1. 
Warning: In design 'top', a pin on submodule 'u_mul_hn8' is connected to logic 1 or logic 0. (LINT-32)
   Pin 'mul_b[3]' is connected to logic 0. 
Warning: In design 'top', a pin on submodule 'u_mul_hn8' is connected to logic 1 or logic 0. (LINT-32)
   Pin 'mul_b[2]' is connected to logic 0. 
Warning: In design 'top', a pin on submodule 'u_mul_hn8' is connected to logic 1 or logic 0. (LINT-32)
   Pin 'mul_b[1]' is connected to logic 1. 
Warning: In design 'top', a pin on submodule 'u_mul_hn8' is connected to logic 1 or logic 0. (LINT-32)
   Pin 'mul_b[0]' is connected to logic 0. 
Warning: In design 'top', a pin on submodule 'u_mul_hn9' is connected to logic 1 or logic 0. (LINT-32)
   Pin 'mul_b[7]' is connected to logic 0. 
Warning: In design 'top', a pin on submodule 'u_mul_hn9' is connected to logic 1 or logic 0. (LINT-32)
   Pin 'mul_b[6]' is connected to logic 1. 
Warning: In design 'top', a pin on submodule 'u_mul_hn9' is connected to logic 1 or logic 0. (LINT-32)
   Pin 'mul_b[5]' is connected to logic 1. 
Warning: In design 'top', a pin on submodule 'u_mul_hn9' is connected to logic 1 or logic 0. (LINT-32)
   Pin 'mul_b[4]' is connected to logic 1. 
Warning: In design 'top', a pin on submodule 'u_mul_hn9' is connected to logic 1 or logic 0. (LINT-32)
   Pin 'mul_b[3]' is connected to logic 1. 
Warning: In design 'top', a pin on submodule 'u_mul_hn9' is connected to logic 1 or logic 0. (LINT-32)
   Pin 'mul_b[2]' is connected to logic 1. 
Warning: In design 'top', a pin on submodule 'u_mul_hn9' is connected to logic 1 or logic 0. (LINT-32)
   Pin 'mul_b[1]' is connected to logic 1. 
Warning: In design 'top', a pin on submodule 'u_mul_hn9' is connected to logic 1 or logic 0. (LINT-32)
   Pin 'mul_b[0]' is connected to logic 1. 
Warning: In design 'top', the same net is connected to more than one pin on submodule 'u_mul_hn0'. (LINT-33)
   Net '*Logic0*' is connected to pins 'mul_b[7]', 'mul_b[6]'', 'mul_b[5]', 'mul_b[4]', 'mul_b[2]', 'mul_b[0]'.
Warning: In design 'top', the same net is connected to more than one pin on submodule 'u_mul_hn0'. (LINT-33)
   Net '*Logic1*' is connected to pins 'mul_b[3]', 'mul_b[1]''.
Warning: In design 'top', the same net is connected to more than one pin on submodule 'u_mul_hn1'. (LINT-33)
   Net '*Logic0*' is connected to pins 'mul_b[7]', 'mul_b[6]'', 'mul_b[5]', 'mul_b[4]', 'mul_b[3]', 'mul_b[2]', 'mul_b[1]', 'mul_b[0]'.
Warning: In design 'top', the same net is connected to more than one pin on submodule 'u_mul_hn2'. (LINT-33)
   Net '*Logic1*' is connected to pins 'mul_b[7]', 'mul_b[6]'', 'mul_b[5]', 'mul_b[4]', 'mul_b[1]'.
Warning: In design 'top', the same net is connected to more than one pin on submodule 'u_mul_hn2'. (LINT-33)
   Net '*Logic0*' is connected to pins 'mul_b[3]', 'mul_b[2]'', 'mul_b[0]'.
Warning: In design 'top', the same net is connected to more than one pin on submodule 'u_mul_hn3'. (LINT-33)
   Net '*Logic1*' is connected to pins 'mul_b[7]', 'mul_b[6]'', 'mul_b[5]', 'mul_b[3]'.
Warning: In design 'top', the same net is connected to more than one pin on submodule 'u_mul_hn3'. (LINT-33)
   Net '*Logic0*' is connected to pins 'mul_b[4]', 'mul_b[2]'', 'mul_b[1]', 'mul_b[0]'.
Warning: In design 'top', the same net is connected to more than one pin on submodule 'u_mul_hn4'. (LINT-33)
   Net '*Logic1*' is connected to pins 'mul_b[7]', 'mul_b[6]'', 'mul_b[5]', 'mul_b[3]', 'mul_b[1]', 'mul_b[0]'.
Warning: In design 'top', the same net is connected to more than one pin on submodule 'u_mul_hn4'. (LINT-33)
   Net '*Logic0*' is connected to pins 'mul_b[4]', 'mul_b[2]''.
Warning: In design 'top', the same net is connected to more than one pin on submodule 'u_mul_hn5'. (LINT-33)
   Net '*Logic0*' is connected to pins 'mul_b[7]', 'mul_b[6]'', 'mul_b[5]', 'mul_b[4]', 'mul_b[3]', 'mul_b[2]', 'mul_b[1]', 'mul_b[0]'.
Warning: In design 'top', the same net is connected to more than one pin on submodule 'u_mul_hn6'. (LINT-33)
   Net '*Logic0*' is connected to pins 'mul_b[7]', 'mul_b[6]'', 'mul_b[4]', 'mul_b[3]', 'mul_b[1]'.
Warning: In design 'top', the same net is connected to more than one pin on submodule 'u_mul_hn6'. (LINT-33)
   Net '*Logic1*' is connected to pins 'mul_b[5]', 'mul_b[2]'', 'mul_b[0]'.
Warning: In design 'top', the same net is connected to more than one pin on submodule 'u_mul_hn7'. (LINT-33)
   Net '*Logic0*' is connected to pins 'mul_b[7]', 'mul_b[5]'', 'mul_b[3]', 'mul_b[2]', 'mul_b[1]', 'mul_b[0]'.
Warning: In design 'top', the same net is connected to more than one pin on submodule 'u_mul_hn7'. (LINT-33)
   Net '*Logic1*' is connected to pins 'mul_b[6]', 'mul_b[4]''.
Warning: In design 'top', the same net is connected to more than one pin on submodule 'u_mul_hn8'. (LINT-33)
   Net '*Logic0*' is connected to pins 'mul_b[7]', 'mul_b[3]'', 'mul_b[2]', 'mul_b[0]'.
Warning: In design 'top', the same net is connected to more than one pin on submodule 'u_mul_hn8'. (LINT-33)
   Net '*Logic1*' is connected to pins 'mul_b[6]', 'mul_b[5]'', 'mul_b[4]', 'mul_b[1]'.
Warning: In design 'top', the same net is connected to more than one pin on submodule 'u_mul_hn9'. (LINT-33)
   Net '*Logic1*' is connected to pins 'mul_b[6]', 'mul_b[5]'', 'mul_b[4]', 'mul_b[3]', 'mul_b[2]', 'mul_b[1]', 'mul_b[0]'.
Warning: In design 'top', the same net is connected to more than one pin on submodule 'u_add_mul_hn_8_9'. (LINT-33)
   Net 'mul_hn_9_r[14]' is connected to pins 'din_b[15]', 'din_b[14]''.
Warning: In design 'top', the same net is connected to more than one pin on submodule 'u_add_final'. (LINT-33)
   Net 'add_89_step1[16]' is connected to pins 'din_b[18]', 'din_b[17]'', 'din_b[16]'.
1
redirect -append -tee -file rpt/pre_final.rpt {source top.con}
redirect -append -tee -file rpt/pre_final.rpt {report_port -verbose}
Information: Updating design information... (UID-85)
Warning: Design 'top' contains 1 high-fanout nets. A fanout number of 1000 will be used for delay calculations involving these nets. (TIM-134)
 
****************************************
Report : port
        -verbose
Design : top
Version: O-2018.06-SP5-5
Date   : Thu Jun 13 13:38:19 2024
****************************************


                       Pin      Wire     Max     Max     Connection
Port           Dir     Load     Load     Trans   Cap     Class      Attrs
--------------------------------------------------------------------------------
clk            in      0.0000   0.0000   --      --      --         
n_rst          in      0.0000   0.0000   --      --      --         
start          in      0.0000   0.0000   --      --      --         
xn_data[0]     in      0.0000   0.0000   --      --      --         
xn_data[1]     in      0.0000   0.0000   --      --      --         
xn_data[2]     in      0.0000   0.0000   --      --      --         
xn_data[3]     in      0.0000   0.0000   --      --      --         
xn_data[4]     in      0.0000   0.0000   --      --      --         
xn_data[5]     in      0.0000   0.0000   --      --      --         
xn_data[6]     in      0.0000   0.0000   --      --      --         
xn_data[7]     in      0.0000   0.0000   --      --      --         
yn_data[0]     out     0.0000   0.0000   --      --      --         
yn_data[1]     out     0.0000   0.0000   --      --      --         
yn_data[2]     out     0.0000   0.0000   --      --      --         
yn_data[3]     out     0.0000   0.0000   --      --      --         
yn_data[4]     out     0.0000   0.0000   --      --      --         
yn_data[5]     out     0.0000   0.0000   --      --      --         
yn_data[6]     out     0.0000   0.0000   --      --      --         
yn_data[7]     out     0.0000   0.0000   --      --      --         


              External  Max             Min                Min       Min
              Number    Wireload        Wireload           Pin       Wire
Port          Points    Model           Model              Load      Load
--------------------------------------------------------------------------------
clk                1      --              --              --        -- 
n_rst              1      --              --              --        -- 
start              1      --              --              --        -- 
xn_data[0]         1      --              --              --        -- 
xn_data[1]         1      --              --              --        -- 
xn_data[2]         1      --              --              --        -- 
xn_data[3]         1      --              --              --        -- 
xn_data[4]         1      --              --              --        -- 
xn_data[5]         1      --              --              --        -- 
xn_data[6]         1      --              --              --        -- 
xn_data[7]         1      --              --              --        -- 
yn_data[0]         1      --              --              --        -- 
yn_data[1]         1      --              --              --        -- 
yn_data[2]         1      --              --              --        -- 
yn_data[3]         1      --              --              --        -- 
yn_data[4]         1      --              --              --        -- 
yn_data[5]         1      --              --              --        -- 
yn_data[6]         1      --              --              --        -- 
yn_data[7]         1      --              --              --        -- 

                    Input Delay
                  Min             Max       Related   Max
Input Port    Rise    Fall    Rise    Fall   Clock  Fanout
--------------------------------------------------------------------------------
clk           --      --      --      --      --      -- 
n_rst         --      --      --      --      --      -- 
start         --      --      5.00    5.00  clk       --    
xn_data[0]    --      --      5.00    5.00  clk       --    
xn_data[1]    --      --      5.00    5.00  clk       --    
xn_data[2]    --      --      5.00    5.00  clk       --    
xn_data[3]    --      --      5.00    5.00  clk       --    
xn_data[4]    --      --      5.00    5.00  clk       --    
xn_data[5]    --      --      5.00    5.00  clk       --    
xn_data[6]    --      --      5.00    5.00  clk       --    
xn_data[7]    --      --      5.00    5.00  clk       --    


               Max Drive      Min Drive      Resistance    Min    Min       Cell
Input Port    Rise    Fall   Rise    Fall   Max     Min    Cap    Fanout    Deg
--------------------------------------------------------------------------------
clk           --      --     --      --     --      --     --     --        -- 
n_rst         --      --     --      --     --      --     --     --        -- 
start         --      --     --      --     --      --     --     --        -- 
xn_data[0]    --      --     --      --     --      --     --     --        -- 
xn_data[1]    --      --     --      --     --      --     --     --        -- 
xn_data[2]    --      --     --      --     --      --     --     --        -- 
xn_data[3]    --      --     --      --     --      --     --     --        -- 
xn_data[4]    --      --     --      --     --      --     --     --        -- 
xn_data[5]    --      --     --      --     --      --     --     --        -- 
xn_data[6]    --      --     --      --     --      --     --     --        -- 
xn_data[7]    --      --     --      --     --      --     --     --        -- 


               Max Tran        Min Tran
Input Port    Rise    Fall    Rise    Fall
--------------------------------------------------------------------------------
clk           --      --      --      -- 
n_rst         --      --      --      -- 
start         --      --      --      -- 
xn_data[0]    --      --      --      -- 
xn_data[1]    --      --      --      -- 
xn_data[2]    --      --      --      -- 
xn_data[3]    --      --      --      -- 
xn_data[4]    --      --      --      -- 
xn_data[5]    --      --      --      -- 
xn_data[6]    --      --      --      -- 
xn_data[7]    --      --      --      -- 


                    Output Delay
                  Min             Max      Related  Fanout
Output Port   Rise    Fall    Rise    Fall  Clock     Load
--------------------------------------------------------------------------------
yn_data[0]    --      --      5.00    5.00  clk       0.00  
yn_data[1]    --      --      5.00    5.00  clk       0.00  
yn_data[2]    --      --      5.00    5.00  clk       0.00  
yn_data[3]    --      --      5.00    5.00  clk       0.00  
yn_data[4]    --      --      5.00    5.00  clk       0.00  
yn_data[5]    --      --      5.00    5.00  clk       0.00  
yn_data[6]    --      --      5.00    5.00  clk       0.00  
yn_data[7]    --      --      5.00    5.00  clk       0.00  

1
redirect -append -tee -file rpt/pre_final.rpt {report_clock}
Information: Updating graph... (UID-83)
Warning: Design 'top' contains 1 high-fanout nets. A fanout number of 1000 will be used for delay calculations involving these nets. (TIM-134)
 
****************************************
Report : clocks
Design : top
Version: O-2018.06-SP5-5
Date   : Thu Jun 13 13:38:20 2024
****************************************

Attributes:
    d - dont_touch_network
    f - fix_hold
    p - propagated_clock
    G - generated_clock
    g - lib_generated_clock

Clock          Period   Waveform            Attrs     Sources
--------------------------------------------------------------------------------
clk             12.00   {0 6}                         {clk}
--------------------------------------------------------------------------------
1
redirect -append -tee -file rpt/pre_final.rpt {report_clock -skew}
Information: Updating design information... (UID-85)
Warning: Design 'top' contains 1 high-fanout nets. A fanout number of 1000 will be used for delay calculations involving these nets. (TIM-134)
 
****************************************
Report : clock_skew
Design : top
Version: O-2018.06-SP5-5
Date   : Thu Jun 13 13:38:20 2024
****************************************

                 Rise      Fall  Min Rise  Min fall        Uncertainty
Object          Delay     Delay     Delay     Delay     Plus      Minus
--------------------------------------------------------------------------------
1
redirect -append -tee -file rpt/pre_final.rpt {check_timing}

Information: Checking generated_clocks...

Information: Checking loops...

Information: Checking no_input_delay...

Information: Checking unconstrained_endpoints...

Information: Checking pulse_clock_cell_type...

Information: Checking no_driving_cell...

Information: Checking partial_input_delay...
Warning: there are 9 input ports that only have partial input delay specified. (TIM-212)
--------------------
start
xn_data[7]
xn_data[6]
xn_data[5]
xn_data[4]
xn_data[3]
xn_data[2]
xn_data[1]
xn_data[0]
1
set_svf out/top.svf
1
set_fix_multiple_port_nets -all -buffer_constants
1
redirect -tee -file rpt/final.rpt {compile_ultra}
Loading db file '/tools/synopsys/syn/O-2018.06-SP5-5/libraries/syn/dw_foundation.sldb'
Warning: DesignWare synthetic library dw_foundation.sldb is added to the synthetic_library in the current command. (UISN-40)
Information: Performing power optimization. (PWR-850)
Alib files are up-to-date.
Warning: DesignWare synthetic library dw_foundation.sldb is added to the synthetic_library in the current command. (UISN-40)
Information: Evaluating DesignWare library utilization. (UISN-27)

============================================================================
| DesignWare Building Block Library  |         Version         | Available |
============================================================================
| Basic DW Building Blocks           | O-2018.06-DWBB_201806.5 |     *     |
| Licensed DW Building Blocks        | O-2018.06-DWBB_201806.5 |     *     |
============================================================================

Information: Sequential output inversion is enabled.  SVF file must be used for formal verification. (OPT-1208)

Information: There are 117 potential problems in your design. Please run 'check_design' for more information. (LINT-99)

Information: Uniquified 9 instances of design 'add_SIGN_BIT1_INT_BIT7_FLT_BIT0'. (OPT-1056)
Information: Uniquified 9 instances of design 'mul_D_WIDTH19_D_WIDTH28'. (OPT-1056)
Information: Uniquified 5 instances of design 'add_SIGN_BIT1_INT_BIT15_FLT_BIT0'. (OPT-1056)
Information: Uniquified 2 instances of design 'add_SIGN_BIT1_INT_BIT16_FLT_BIT0'. (OPT-1056)
  Simplifying Design 'top'

Loaded alib file './alib-52/class.db.alib'
  Building model 'DW01_NAND2'
Information: Ungrouping hierarchy u_add_xn0_xn18 before Pass 1 (OPT-776)
Information: Ungrouping hierarchy u_mul_hn0 before Pass 1 (OPT-776)
Information: Ungrouping hierarchy u_mul_hn9 before Pass 1 (OPT-776)
Information: Ungrouping hierarchy u_add_mul_hn_0_1 before Pass 1 (OPT-776)
Information: Ungrouping hierarchy u_add_mul_hn_0_1_2_3 before Pass 1 (OPT-776)
Information: Ungrouping hierarchy u_add_mul_hn_01234567 before Pass 1 (OPT-776)
Information: Ungrouping hierarchy u_add_final before Pass 1 (OPT-776)
Information: Ungrouping hierarchy u_add_xn8_xn10 before Pass 1 (OPT-776)
Information: Ungrouping hierarchy u_add_xn7_xn11 before Pass 1 (OPT-776)
Information: Ungrouping hierarchy u_add_xn6_xn12 before Pass 1 (OPT-776)
Information: Ungrouping hierarchy u_add_xn5_xn13 before Pass 1 (OPT-776)
Information: Ungrouping hierarchy u_add_xn4_xn14 before Pass 1 (OPT-776)
Information: Ungrouping hierarchy u_add_xn3_xn15 before Pass 1 (OPT-776)
Information: Ungrouping hierarchy u_add_xn2_xn16 before Pass 1 (OPT-776)
Information: Ungrouping hierarchy u_add_xn1_xn17 before Pass 1 (OPT-776)
Information: Ungrouping hierarchy u_mul_hn8 before Pass 1 (OPT-776)
Information: Ungrouping hierarchy u_mul_hn7 before Pass 1 (OPT-776)
Information: Ungrouping hierarchy u_mul_hn6 before Pass 1 (OPT-776)
Information: Ungrouping hierarchy u_mul_hn5 before Pass 1 (OPT-776)
Information: Ungrouping hierarchy u_mul_hn4 before Pass 1 (OPT-776)
Information: Ungrouping hierarchy u_mul_hn3 before Pass 1 (OPT-776)
Information: Ungrouping hierarchy u_mul_hn2 before Pass 1 (OPT-776)
Information: Ungrouping hierarchy u_mul_hn1 before Pass 1 (OPT-776)
Information: Ungrouping hierarchy u_add_mul_hn_8_9 before Pass 1 (OPT-776)
Information: Ungrouping hierarchy u_add_mul_hn_6_7 before Pass 1 (OPT-776)
Information: Ungrouping hierarchy u_add_mul_hn_4_5 before Pass 1 (OPT-776)
Information: Ungrouping hierarchy u_add_mul_hn_2_3 before Pass 1 (OPT-776)
Information: Ungrouping hierarchy u_add_mul_hn_4_5_6_7 before Pass 1 (OPT-776)
Information: Ungrouping 28 of 29 hierarchies before Pass 1 (OPT-775)
Information: State dependent leakage is now switched from on to off.

  Beginning Pass 1 Mapping
  ------------------------
  Processing 'top'
Information: The register 'u_mul_hn1/mul_abs_reg[14]' is a constant and will be removed. (OPT-1206)
Information: The register 'u_mul_hn1/mul_abs_reg[13]' is a constant and will be removed. (OPT-1206)
Information: The register 'u_mul_hn1/mul_abs_reg[12]' is a constant and will be removed. (OPT-1206)
Information: The register 'u_mul_hn1/mul_abs_reg[11]' is a constant and will be removed. (OPT-1206)
Information: The register 'u_mul_hn1/mul_abs_reg[10]' is a constant and will be removed. (OPT-1206)
Information: The register 'u_mul_hn1/mul_abs_reg[9]' is a constant and will be removed. (OPT-1206)
Information: The register 'u_mul_hn1/mul_abs_reg[8]' is a constant and will be removed. (OPT-1206)
Information: The register 'u_mul_hn1/mul_abs_reg[7]' is a constant and will be removed. (OPT-1206)
Information: The register 'u_mul_hn1/mul_abs_reg[6]' is a constant and will be removed. (OPT-1206)
Information: The register 'u_mul_hn1/mul_abs_reg[5]' is a constant and will be removed. (OPT-1206)
Information: The register 'u_mul_hn1/mul_abs_reg[4]' is a constant and will be removed. (OPT-1206)
Information: The register 'u_mul_hn1/mul_abs_reg[3]' is a constant and will be removed. (OPT-1206)
Information: The register 'u_mul_hn1/mul_abs_reg[2]' is a constant and will be removed. (OPT-1206)
Information: The register 'u_mul_hn1/mul_abs_reg[1]' is a constant and will be removed. (OPT-1206)
Information: The register 'u_mul_hn1/mul_abs_reg[0]' is a constant and will be removed. (OPT-1206)
Information: The register 'u_mul_hn1/b_sign_d_reg' is a constant and will be removed. (OPT-1206)
Information: The register 'u_mul_hn5/mul_abs_reg[14]' is a constant and will be removed. (OPT-1206)
Information: The register 'u_mul_hn5/mul_abs_reg[13]' is a constant and will be removed. (OPT-1206)
Information: The register 'u_mul_hn5/mul_abs_reg[12]' is a constant and will be removed. (OPT-1206)
Information: The register 'u_mul_hn5/mul_abs_reg[11]' is a constant and will be removed. (OPT-1206)
Information: The register 'u_mul_hn5/mul_abs_reg[10]' is a constant and will be removed. (OPT-1206)
Information: The register 'u_mul_hn5/mul_abs_reg[9]' is a constant and will be removed. (OPT-1206)
Information: The register 'u_mul_hn5/mul_abs_reg[8]' is a constant and will be removed. (OPT-1206)
Information: The register 'u_mul_hn5/mul_abs_reg[7]' is a constant and will be removed. (OPT-1206)
Information: The register 'u_mul_hn5/mul_abs_reg[6]' is a constant and will be removed. (OPT-1206)
Information: The register 'u_mul_hn5/mul_abs_reg[5]' is a constant and will be removed. (OPT-1206)
Information: The register 'u_mul_hn5/mul_abs_reg[4]' is a constant and will be removed. (OPT-1206)
Information: The register 'u_mul_hn5/mul_abs_reg[3]' is a constant and will be removed. (OPT-1206)
Information: The register 'u_mul_hn5/mul_abs_reg[2]' is a constant and will be removed. (OPT-1206)
Information: The register 'u_mul_hn5/mul_abs_reg[1]' is a constant and will be removed. (OPT-1206)
Information: The register 'u_mul_hn5/mul_abs_reg[0]' is a constant and will be removed. (OPT-1206)
Information: The register 'u_mul_hn5/b_sign_d_reg' is a constant and will be removed. (OPT-1206)
Information: The register 'u_mul_hn6/b_sign_d_reg' is a constant and will be removed. (OPT-1206)
Information: The register 'u_mul_hn7/b_sign_d_reg' is a constant and will be removed. (OPT-1206)
Information: The register 'u_mul_hn8/b_sign_d_reg' is a constant and will be removed. (OPT-1206)
Information: The register 'u_mul_hn9/b_sign_d_reg' is a constant and will be removed. (OPT-1206)
Information: The register 'u_mul_hn0/b_sign_d_reg' is a constant and will be removed. (OPT-1206)
Information: In design 'top', the register 'u_mul_hn3/b_sign_d_reg' is removed because it is merged to 'u_mul_hn2/b_sign_d_reg'. (OPT-1215)
Information: In design 'top', the register 'u_mul_hn4/b_sign_d_reg' is removed because it is merged to 'u_mul_hn2/b_sign_d_reg'. (OPT-1215)
Information: In design 'top', the register 'xn_data_10_reg[7]' is removed because it is merged to 'u_mul_hn9/a_sign_d_reg'. (OPT-1215)
 Implement Synthetic for 'top'.
Information: The register 'u_mul_hn0/mul_abs_reg[0]' is a constant and will be removed. (OPT-1206)
Information: The register 'u_mul_hn0/mul_abs_reg[12]' is a constant and will be removed. (OPT-1206)
Information: The register 'u_mul_hn0/mul_abs_reg[13]' is a constant and will be removed. (OPT-1206)
Information: The register 'u_mul_hn0/mul_abs_reg[14]' is a constant and will be removed. (OPT-1206)
Information: The register 'u_mul_hn8/mul_abs_reg[0]' is a constant and will be removed. (OPT-1206)
Information: The register 'u_mul_hn7/mul_abs_reg[0]' is a constant and will be removed. (OPT-1206)
Information: The register 'u_mul_hn7/mul_abs_reg[1]' is a constant and will be removed. (OPT-1206)
Information: The register 'u_mul_hn7/mul_abs_reg[2]' is a constant and will be removed. (OPT-1206)
Information: The register 'u_mul_hn7/mul_abs_reg[3]' is a constant and will be removed. (OPT-1206)
Information: The register 'u_mul_hn6/mul_abs_reg[14]' is a constant and will be removed. (OPT-1206)
Information: The register 'u_mul_hn4/mul_abs_reg[13]' is a constant and will be removed. (OPT-1206)
Information: The register 'u_mul_hn4/mul_abs_reg[14]' is a constant and will be removed. (OPT-1206)
Information: The register 'u_mul_hn3/mul_abs_reg[0]' is a constant and will be removed. (OPT-1206)
Information: The register 'u_mul_hn3/mul_abs_reg[1]' is a constant and will be removed. (OPT-1206)
Information: The register 'u_mul_hn3/mul_abs_reg[2]' is a constant and will be removed. (OPT-1206)
Information: The register 'u_mul_hn3/mul_abs_reg[13]' is a constant and will be removed. (OPT-1206)
Information: The register 'u_mul_hn3/mul_abs_reg[14]' is a constant and will be removed. (OPT-1206)
Information: The register 'u_mul_hn2/mul_abs_reg[0]' is a constant and will be removed. (OPT-1206)
Information: Added key list 'DesignWare' to design 'top'. (DDB-72)
Information: The register 'u_mul_hn1/a_sign_d_reg' will be removed. (OPT-1207)
Information: The register 'u_mul_hn5/a_sign_d_reg' will be removed. (OPT-1207)

  Updating timing information
Information: Updating design information... (UID-85)
Warning: Main library 'class' does not specify the following unit required for power: 'Leakage Power'. (PWR-424)
Warning: Target library(s) are not characterized for internal power.  Compile with power constraints is NOT recommended. (PWR-13)
Information: The register 'mul_hn_1_r_reg[14]' is a constant and will be removed. (OPT-1206)
Information: The register 'mul_hn_1_r_reg[13]' is a constant and will be removed. (OPT-1206)
Information: The register 'mul_hn_1_r_reg[12]' is a constant and will be removed. (OPT-1206)
Information: The register 'mul_hn_1_r_reg[11]' is a constant and will be removed. (OPT-1206)
Information: The register 'mul_hn_1_r_reg[10]' is a constant and will be removed. (OPT-1206)
Information: The register 'mul_hn_1_r_reg[9]' is a constant and will be removed. (OPT-1206)
Information: The register 'mul_hn_1_r_reg[8]' is a constant and will be removed. (OPT-1206)
Information: The register 'mul_hn_1_r_reg[7]' is a constant and will be removed. (OPT-1206)
Information: The register 'mul_hn_1_r_reg[6]' is a constant and will be removed. (OPT-1206)
Information: The register 'mul_hn_1_r_reg[5]' is a constant and will be removed. (OPT-1206)
Information: The register 'mul_hn_1_r_reg[4]' is a constant and will be removed. (OPT-1206)
Information: The register 'mul_hn_1_r_reg[3]' is a constant and will be removed. (OPT-1206)
Information: The register 'mul_hn_1_r_reg[2]' is a constant and will be removed. (OPT-1206)
Information: The register 'mul_hn_1_r_reg[1]' is a constant and will be removed. (OPT-1206)
Information: The register 'mul_hn_1_r_reg[0]' is a constant and will be removed. (OPT-1206)
Information: The register 'mul_hn_1_r_reg[15]' is a constant and will be removed. (OPT-1206)
Information: The register 'mul_hn_2_r_reg[0]' is a constant and will be removed. (OPT-1206)
Information: The register 'u_mul_hn2/mul_abs_reg[14]' is a constant and will be removed. (OPT-1206)
Information: The register 'u_mul_hn2/mul_abs_reg[13]' is a constant and will be removed. (OPT-1206)
Information: The register 'u_mul_hn2/mul_abs_reg[12]' is a constant and will be removed. (OPT-1206)
Information: The register 'mul_hn_3_r_reg[2]' is a constant and will be removed. (OPT-1206)
Information: The register 'mul_hn_3_r_reg[1]' is a constant and will be removed. (OPT-1206)
Information: The register 'mul_hn_3_r_reg[0]' is a constant and will be removed. (OPT-1206)
Information: The register 'mul_hn_5_r_reg[14]' is a constant and will be removed. (OPT-1206)
Information: The register 'mul_hn_5_r_reg[13]' is a constant and will be removed. (OPT-1206)
Information: The register 'mul_hn_5_r_reg[12]' is a constant and will be removed. (OPT-1206)
Information: The register 'mul_hn_5_r_reg[11]' is a constant and will be removed. (OPT-1206)
Information: The register 'mul_hn_5_r_reg[10]' is a constant and will be removed. (OPT-1206)
Information: The register 'mul_hn_5_r_reg[9]' is a constant and will be removed. (OPT-1206)
Information: The register 'mul_hn_5_r_reg[8]' is a constant and will be removed. (OPT-1206)
Information: The register 'mul_hn_5_r_reg[7]' is a constant and will be removed. (OPT-1206)
Information: The register 'mul_hn_5_r_reg[6]' is a constant and will be removed. (OPT-1206)
Information: The register 'mul_hn_5_r_reg[5]' is a constant and will be removed. (OPT-1206)
Information: The register 'mul_hn_5_r_reg[4]' is a constant and will be removed. (OPT-1206)
Information: The register 'mul_hn_5_r_reg[3]' is a constant and will be removed. (OPT-1206)
Information: The register 'mul_hn_5_r_reg[2]' is a constant and will be removed. (OPT-1206)
Information: The register 'mul_hn_5_r_reg[1]' is a constant and will be removed. (OPT-1206)
Information: The register 'mul_hn_5_r_reg[0]' is a constant and will be removed. (OPT-1206)
Information: The register 'mul_hn_5_r_reg[15]' is a constant and will be removed. (OPT-1206)
Information: The register 'mul_hn_7_r_reg[3]' is a constant and will be removed. (OPT-1206)
Information: The register 'mul_hn_7_r_reg[2]' is a constant and will be removed. (OPT-1206)
Information: The register 'mul_hn_7_r_reg[1]' is a constant and will be removed. (OPT-1206)
Information: The register 'mul_hn_7_r_reg[0]' is a constant and will be removed. (OPT-1206)
Information: The register 'mul_hn_8_r_reg[0]' is a constant and will be removed. (OPT-1206)
Information: The register 'mul_hn_0_r_reg[0]' is a constant and will be removed. (OPT-1206)
Information: In design 'top', the register 'xn_data_10_reg[0]' is removed because it is merged to 'u_mul_hn9/mul_abs_reg[0]'. (OPT-1215)

  Beginning Mapping Optimizations  (Ultra High effort)
  -------------------------------
  Mapping Optimization (Phase 1)
  Mapping Optimization (Phase 2)
  Mapping Optimization (Phase 3)
  Mapping Optimization (Phase 4)
  Mapping Optimization (Phase 5)
  Mapping Optimization (Phase 6)
  Mapping Optimization (Phase 7)
  Mapping Optimization (Phase 8)
  Mapping Optimization (Phase 9)
  Mapping Optimization (Phase 10)
Information: In design 'top', the register 'xn_data_11_reg[0]' is removed because it is merged to 'mul_hn_9_r_reg[0]'. (OPT-1215)
Information: In design 'top', the register 'mul_hn_4_r_reg[14]' is removed because it is merged to 'mul_hn_4_r_reg[13]'. (OPT-1215)
Information: In design 'top', the register 'mul_hn_3_r_reg[15]' is removed because it is merged to 'mul_hn_3_r_reg[13]'. (OPT-1215)
Information: In design 'top', the register 'mul_hn_3_r_reg[14]' is removed because it is merged to 'mul_hn_3_r_reg[13]'. (OPT-1215)
Information: In design 'top', the register 'mul_hn_2_r_reg[13]' is removed because it is merged to 'mul_hn_2_r_reg[15]'. (OPT-1215)
Information: In design 'top', the register 'mul_hn_2_r_reg[14]' is removed because it is merged to 'mul_hn_2_r_reg[15]'. (OPT-1215)
Information: In design 'top', the register 'mul_hn_2_r_reg[12]' is removed because it is merged to 'mul_hn_2_r_reg[15]'. (OPT-1215)
Information: In design 'top', the register 'mul_hn_0_r_reg[15]' is removed because it is merged to 'mul_hn_0_r_reg[13]'. (OPT-1215)
Information: In design 'top', the register 'mul_hn_0_r_reg[14]' is removed because it is merged to 'mul_hn_0_r_reg[13]'. (OPT-1215)
Information: In design 'top', the register 'mul_hn_0_r_reg[12]' is removed because it is merged to 'mul_hn_0_r_reg[13]'. (OPT-1215)

  Beginning Constant Register Removal
  -----------------------------------

  Beginning Global Optimizations
  ------------------------------
  Global Optimization (Phase 1)
  Global Optimization (Phase 2)
  Global Optimization (Phase 3)
  Global Optimization (Phase 4)
  Global Optimization (Phase 5)
  Global Optimization (Phase 6)
  Global Optimization (Phase 7)
  Global Optimization (Phase 8)
  Global Optimization (Phase 9)
  Global Optimization (Phase 10)
  Global Optimization (Phase 11)
  Global Optimization (Phase 12)
  Global Optimization (Phase 13)
  Global Optimization (Phase 14)
  Global Optimization (Phase 15)
  Global Optimization (Phase 16)
  Global Optimization (Phase 17)
  Global Optimization (Phase 18)
  Global Optimization (Phase 19)
  Global Optimization (Phase 20)
  Global Optimization (Phase 21)
  Global Optimization (Phase 22)
  Global Optimization (Phase 23)
  Global Optimization (Phase 24)
  Global Optimization (Phase 25)
  Global Optimization (Phase 26)
  Global Optimization (Phase 27)
  Global Optimization (Phase 28)
  Global Optimization (Phase 29)
  Global Optimization (Phase 30)

  Beginning Isolate Ports
  -----------------------

  Beginning Delay Optimization
  ----------------------------

                                  TOTAL                                                
   ELAPSED            WORST NEG   SETUP    DESIGN                              LEAKAGE 
    TIME      AREA      SLACK     COST    RULE COST         ENDPOINT            POWER  
  --------- --------- --------- --------- --------- ------------------------- ---------
    0:00:06    8581.0      6.09     208.6       0.0                              0.0000
    0:00:06    8604.0      4.16     180.6       0.0                              0.0000
    0:00:06    8604.0      4.16     180.6       0.0                              0.0000
    0:00:06    8604.0      4.16     180.6       0.0                              0.0000

  Beginning WLM Backend Optimization
  --------------------------------------
    0:00:07    8529.0      4.44     170.7       0.0                              0.0000
    0:00:07    8482.0      4.44     184.8       0.0                              0.0000
    0:00:07    8482.0      4.44     184.8       0.0                              0.0000
    0:00:07    8513.0      4.15     180.1       0.0                              0.0000
    0:00:07    8513.0      4.15     180.1       0.0                              0.0000
    0:00:07    8513.0      4.15     180.1       0.0                              0.0000
    0:00:07    8513.0      4.15     180.1       0.0                              0.0000
    0:00:07    8513.0      4.15     180.1       0.0                              0.0000
    0:00:07    8513.0      4.15     180.1       0.0                              0.0000
    0:00:07    8513.0      4.15     180.1       0.0                              0.0000
    0:00:07    8513.0      4.15     180.1       0.0                              0.0000
    0:00:08    8513.0      4.15     180.1       0.0                              0.0000
    0:00:08    8513.0      4.15     180.1       0.0                              0.0000
    0:00:08    8513.0      4.15     180.1       0.0                              0.0000
    0:00:08    8513.0      4.15     180.1       0.0                              0.0000
    0:00:08    8513.0      4.15     180.1       0.0                              0.0000
    0:00:08    8513.0      4.15     180.1       0.0                              0.0000
    0:00:08    8513.0      4.15     180.1       0.0                              0.0000
    0:00:08    8513.0      4.15     180.1       0.0                              0.0000
    0:00:08    8513.0      4.15     180.1       0.0                              0.0000
    0:00:08    8529.0      3.98     177.5       0.0                              0.0000
    0:00:09    8545.0      3.97     173.4       0.0                              0.0000
    0:00:09    8545.0      3.96     173.4       0.0                              0.0000
    0:00:09    8545.0      3.96     173.4       0.0                              0.0000
    0:00:09    8545.0      3.96     173.4       0.0                              0.0000
    0:00:09    8541.0      3.96     173.4       0.0                              0.0000
    0:00:09    8541.0      3.96     173.4       0.0                              0.0000
    0:00:10    8541.0      3.96     173.4       0.0                              0.0000
    0:00:10    8541.0      3.96     173.4       0.0                              0.0000
    0:00:10    8541.0      3.96     173.4       0.0                              0.0000
    0:00:10    8541.0      3.96     173.4       0.0                              0.0000
    0:00:10    8541.0      3.96     173.4       0.0                              0.0000
    0:00:10    8541.0      3.96     173.4       0.0                              0.0000
    0:00:10    8540.0      3.96     173.4       0.0                              0.0000
    0:00:10    8540.0      3.96     173.4       0.0                              0.0000
    0:00:11    8540.0      3.96     173.4       0.0                              0.0000
    0:00:11    8540.0      3.96     173.4       0.0                              0.0000
    0:00:11    8540.0      3.96     173.4       0.0                              0.0000
    0:00:11    8540.0      3.96     173.4       0.0                              0.0000
    0:00:11    8540.0      3.96     173.4       0.0                              0.0000
    0:00:11    8540.0      3.96     173.4       0.0                              0.0000
    0:00:11    8540.0      3.96     173.4       0.0                              0.0000
    0:00:11    8540.0      3.96     173.4       0.0                              0.0000
    0:00:11    8540.0      3.96     173.4       0.0                              0.0000

                                  TOTAL                                                
   ELAPSED            WORST NEG   SETUP    DESIGN                              LEAKAGE 
    TIME      AREA      SLACK     COST    RULE COST         ENDPOINT            POWER  
  --------- --------- --------- --------- --------- ------------------------- ---------
    0:00:12    8534.0      3.96     173.3       0.0                              0.0000
    0:00:12    8468.0      3.96     166.5       0.0                              0.0000
    0:00:12    8468.0      3.96     166.5       0.0                              0.0000
    0:00:12    8468.0      3.96     166.5       0.0                              0.0000
    0:00:12    8464.0      3.96     171.4       0.0                              0.0000
    0:00:12    8308.0      3.96     158.2       0.0                              0.0000
    0:00:12    8312.0      3.94     158.0       0.0                              0.0000
    0:00:12    8313.0      3.94     157.7       0.0                              0.0000
    0:00:12    8313.0      3.94     157.7       0.0                              0.0000
    0:00:12    8272.0      3.94     157.2       0.0                              0.0000
Loading db file '/tools/synopsys/syn/O-2018.06-SP5-5/libraries/syn/class.db'


Note: Symbol # after min delay cost means estimated hold TNS across all active scenarios 


  Optimization Complete
  ---------------------
Information: State dependent leakage is now switched from off to on.
Warning: Main library 'class' does not specify the following unit required for power: 'Leakage Power'. (PWR-424)
Information: Propagating switching activity (low effort zero delay simulation). (PWR-6)
1
redirect -append -tee -file rpt/final.rpt {compile_ultra -incremental -retime -timing}
Warning: DesignWare synthetic library dw_foundation.sldb is added to the synthetic_library in the current command. (UISN-40)
Warning: The -timing_high_effort_script option is ignored.  (OPT-1342)
Information: Performing power optimization. (PWR-850)
Alib files are up-to-date.
Information: Retiming is enabled. SVF file must be used for formal verification. (OPT-1210)

Information: There are 1 potential problems in your design. Please run 'check_design' for more information. (LINT-99)


Loaded alib file './alib-52/class.db.alib'
Information: State dependent leakage is now switched from on to off.

  Beginning Pass 1 Mapping  (Incremental)
  ------------------------

  Updating timing information
Information: Updating design information... (UID-85)
Warning: Main library 'class' does not specify the following unit required for power: 'Leakage Power'. (PWR-424)
Warning: Target library(s) are not characterized for internal power.  Compile with power constraints is NOT recommended. (PWR-13)

                                  TOTAL                                                
   ELAPSED            WORST NEG   SETUP    DESIGN                              LEAKAGE 
    TIME      AREA      SLACK     COST    RULE COST         ENDPOINT            POWER  
  --------- --------- --------- --------- --------- ------------------------- ---------
    0:00:01    8272.0      3.94     157.2       0.0                              0.0000
    0:00:01    8272.0      3.94     157.2       0.0                              0.0000

  Beginning Mapping Optimizations  (Ultra High effort)  (Incremental)
  -------------------------------

  Beginning Incremental Implementation Selection
  ----------------------------------------------
    0:00:01    8520.0      2.76     152.3       0.0                              0.0000

  Beginning Delay Optimization Phase
  ----------------------------------

                                  TOTAL                                                
   ELAPSED            WORST NEG   SETUP    DESIGN                              LEAKAGE 
    TIME      AREA      SLACK     COST    RULE COST         ENDPOINT            POWER  
  --------- --------- --------- --------- --------- ------------------------- ---------
    0:00:01    8520.0      2.76     152.3       0.0                              0.0000
    0:00:01    8520.0      2.76     152.3       0.0                              0.0000
    0:00:01    8515.0      2.76     169.3       0.0                              0.0000
    0:00:01    8515.0      2.76     169.3       0.0                              0.0000
    0:00:01    8518.0      2.75     168.5       0.0                              0.0000
    0:00:01    8518.0      2.75     168.5       0.0                              0.0000
    0:00:02    8560.0      2.40     142.0       0.0                              0.0000

  Beginning Delay Optimization
  ----------------------------
    0:00:02    8560.0      2.40     142.0       0.0                              0.0000
    0:00:02    8560.0      2.40     142.0       0.0                              0.0000
    0:00:02    8560.0      2.40     142.0       0.0                              0.0000
    0:00:02    8560.0      2.40     142.0       0.0                              0.0000
    0:00:02    8560.0      2.40     142.0       0.0                              0.0000
    0:00:02    8560.0      2.40     142.0       0.0                              0.0000
    0:00:02    8560.0      2.40     142.0       0.0                              0.0000
    0:00:02    8556.0      2.40     160.1       0.0                              0.0000
    0:00:02    8556.0      2.40     160.1       0.0                              0.0000
    0:00:02    8556.0      2.40     160.1       0.0                              0.0000
    0:00:02    8556.0      2.40     160.1       0.0                              0.0000
    0:00:02    8556.0      2.40     160.1       0.0                              0.0000
    0:00:02    8556.0      2.40     160.1       0.0                              0.0000
    0:00:02    8556.0      2.40     160.1       0.0                              0.0000
    0:00:02    8556.0      2.40     160.1       0.0                              0.0000
    0:00:02    8556.0      2.40     160.1       0.0                              0.0000
    0:00:02    8658.0      2.15     109.0       0.0                              0.0000
    0:00:02    8659.0      2.15     104.9       0.0                              0.0000
    0:00:02    8632.0      2.15     131.8       0.0                              0.0000
    0:00:02    8632.0      2.15     131.8       0.0                              0.0000
    0:00:02    8632.0      2.15     131.8       0.0                              0.0000
    0:00:02    8632.0      2.15     131.8       0.0                              0.0000
    0:00:03    8646.0      2.04     125.9       0.0                              0.0000
    0:00:03    8646.0      2.04     125.9       0.0                              0.0000
    0:00:03    8646.0      2.04     125.9       0.0                              0.0000
    0:00:03    8646.0      2.04     125.9       0.0                              0.0000
    0:00:03    8646.0      2.04     125.9       0.0                              0.0000
    0:00:03    8644.0      2.04     125.9       0.0                              0.0000

                                  TOTAL                                                
   ELAPSED            WORST NEG   SETUP    DESIGN                              LEAKAGE 
    TIME      AREA      SLACK     COST    RULE COST         ENDPOINT            POWER  
  --------- --------- --------- --------- --------- ------------------------- ---------
    0:00:03    8644.0      2.04     125.9       0.0                              0.0000
    0:00:03    8640.0      2.04     129.0       0.0                              0.0000
    0:00:03    8493.0      2.04     102.1       0.0                              0.0000
    0:00:03    8481.0      2.04      89.4       0.0                              0.0000
    0:00:03    8480.0      2.03      89.4       0.0                              0.0000
    0:00:03    8478.0      2.03      81.6       0.0                              0.0000
    0:00:03    8478.0      2.03      81.6       0.0                              0.0000
    0:00:03    8474.0      2.03      81.6       0.0                              0.0000
Loading db file '/tools/synopsys/syn/O-2018.06-SP5-5/libraries/syn/class.db'


Note: Symbol # after min delay cost means estimated hold TNS across all active scenarios 


  Optimization Complete
  ---------------------
Information: State dependent leakage is now switched from off to on.
Warning: Main library 'class' does not specify the following unit required for power: 'Leakage Power'. (PWR-424)
Information: Propagating switching activity (low effort zero delay simulation). (PWR-6)
1
set_app_var verilogout_no_tri true
true
redirect -tee -file rpt/post_final.rpt {report_constraint -all}
Information: Updating design information... (UID-85)
 
****************************************
Report : constraint
        -all_violators
Design : top
Version: O-2018.06-SP5-5
Date   : Thu Jun 13 13:38:36 2024
****************************************


   max_delay/setup ('clk' group)

                             Required        Actual
   Endpoint                 Path Delay     Path Delay        Slack
   -----------------------------------------------------------------
   yn_data[0]                   7.00           9.03 r        -2.03  (VIOLATED)
   yn_data[1]                   7.00           9.03 r        -2.03  (VIOLATED)
   yn_data[3]                   7.00           9.03 r        -2.03  (VIOLATED)
   yn_data[4]                   7.00           9.03 r        -2.03  (VIOLATED)
   yn_data[5]                   7.00           9.03 r        -2.03  (VIOLATED)
   yn_data[6]                   7.00           9.03 r        -2.03  (VIOLATED)
   yn_data[2]                   7.00           8.99 f        -1.99  (VIOLATED)
   u_mul_hn8/mul_abs_reg[9]/D
                               11.15          13.12 r        -1.97  (VIOLATED)
   u_mul_hn4/mul_abs_reg[11]/D
                               11.15          12.94 f        -1.79  (VIOLATED)
   u_mul_hn8/mul_abs_reg[11]/D
                               11.15          12.84 r        -1.69  (VIOLATED)
   u_mul_hn8/mul_abs_reg[12]/D
                               11.15          12.84 r        -1.69  (VIOLATED)
   u_mul_hn4/mul_abs_reg[9]/D
                               11.15          12.82 f        -1.67  (VIOLATED)
   u_mul_hn4/mul_abs_reg[10]/D
                               11.15          12.82 f        -1.67  (VIOLATED)
   u_mul_hn8/mul_abs_reg[13]/D
                               11.15          12.81 r        -1.66  (VIOLATED)
   u_mul_hn6/mul_abs_reg[9]/D
                               11.15          12.78 r        -1.63  (VIOLATED)
   u_mul_hn6/mul_abs_reg[11]/D
                               11.15          12.78 r        -1.63  (VIOLATED)
   u_mul_hn6/mul_abs_reg[13]/D
                               11.15          12.78 r        -1.63  (VIOLATED)
   u_mul_hn6/mul_abs_reg[10]/D
                               11.15          12.74 r        -1.59  (VIOLATED)
   u_mul_hn6/mul_abs_reg[12]/D
                               11.15          12.74 r        -1.59  (VIOLATED)
   u_mul_hn7/mul_abs_reg[10]/D
                               11.15          12.73 f        -1.58  (VIOLATED)
   R_247/D                     11.10          12.64 r        -1.54  (VIOLATED)
   yn_data[7]                   7.00           8.52 f        -1.52  (VIOLATED)
   u_mul_hn2/mul_abs_reg[8]/D
                               11.15          12.67 f        -1.52  (VIOLATED)
   u_mul_hn8/mul_abs_reg[10]/D
                               11.15          12.64 r        -1.49  (VIOLATED)
   u_mul_hn6/mul_abs_reg[8]/D
                               11.15          12.57 r        -1.42  (VIOLATED)
   R_340/D                     11.10          12.51 r        -1.41  (VIOLATED)
   u_mul_hn0/mul_abs_reg[7]/D
                               11.15          12.52 f        -1.37  (VIOLATED)
   u_mul_hn7/mul_abs_reg[11]/D
                               11.15          12.51 r        -1.36  (VIOLATED)
   u_mul_hn7/mul_abs_reg[12]/D
                               11.15          12.51 r        -1.36  (VIOLATED)
   u_mul_hn7/mul_abs_reg[13]/D
                               11.15          12.51 r        -1.36  (VIOLATED)
   u_mul_hn7/mul_abs_reg[14]/D
                               11.15          12.51 r        -1.36  (VIOLATED)
   u_mul_hn4/mul_abs_reg[12]/D
                               11.15          12.50 r        -1.35  (VIOLATED)
   u_mul_hn4/mul_abs_reg[8]/D
                               11.15          12.45 r        -1.30  (VIOLATED)
   R_178/D                     11.10          12.25 f        -1.15  (VIOLATED)
   u_mul_hn0/mul_abs_reg[8]/D
                               11.15          12.30 r        -1.15  (VIOLATED)
   u_mul_hn0/mul_abs_reg[9]/D
                               11.15          12.30 r        -1.15  (VIOLATED)
   u_mul_hn0/mul_abs_reg[10]/D
                               11.15          12.30 r        -1.15  (VIOLATED)
   u_mul_hn0/mul_abs_reg[11]/D
                               11.15          12.30 r        -1.15  (VIOLATED)
   u_mul_hn2/mul_abs_reg[9]/D
                               11.15          12.21 f        -1.06  (VIOLATED)
   u_mul_hn2/mul_abs_reg[10]/D
                               11.15          12.21 f        -1.06  (VIOLATED)
   u_mul_hn2/mul_abs_reg[11]/D
                               11.15          12.21 f        -1.06  (VIOLATED)
   u_mul_hn8/mul_abs_reg[8]/D
                               11.15          12.18 f        -1.03  (VIOLATED)
   u_mul_hn4/mul_abs_reg[6]/D
                               11.15          12.15 f        -1.00  (VIOLATED)
   R_73/D                      11.10          12.08 f        -0.98  (VIOLATED)
   u_mul_hn4/mul_abs_reg[7]/D
                               11.15          12.12 f        -0.97  (VIOLATED)
   u_mul_hn6/mul_abs_reg[7]/D
                               11.15          12.04 r        -0.89  (VIOLATED)
   u_mul_hn6/mul_abs_reg[6]/D
                               11.15          12.02 f        -0.87  (VIOLATED)
   R_142/D                     11.10          11.92 r        -0.82  (VIOLATED)
   mul_hn_6_r_reg[12]/D        11.15          11.96 r        -0.81  (VIOLATED)
   u_mul_hn2/mul_abs_reg[7]/D
                               11.15          11.89 f        -0.74  (VIOLATED)
   u_mul_hn8/mul_abs_reg[14]/D
                               11.15          11.89 f        -0.74  (VIOLATED)
   R_407/D                     11.15          11.83 r        -0.68  (VIOLATED)
   u_mul_hn3/mul_abs_reg[8]/D
                               11.15          11.78 f        -0.63  (VIOLATED)
   u_mul_hn9/mul_abs_reg[12]/D
                               11.15          11.77 r        -0.62  (VIOLATED)
   mul_hn_8_r_reg[15]/D        11.15          11.75 f        -0.60  (VIOLATED)
   R_270/D                     11.10          11.69 f        -0.59  (VIOLATED)
   R_406/D                     11.15          11.73 r        -0.58  (VIOLATED)
   u_mul_hn0/mul_abs_reg[5]/D
                               11.15          11.73 f        -0.58  (VIOLATED)
   R_245/D                     11.15          11.64 f        -0.49  (VIOLATED)
   u_mul_hn3/mul_abs_reg[11]/D
                               11.15          11.63 f        -0.48  (VIOLATED)
   u_mul_hn3/mul_abs_reg[12]/D
                               11.15          11.63 f        -0.48  (VIOLATED)
   u_mul_hn7/mul_abs_reg[9]/D
                               11.15          11.57 r        -0.42  (VIOLATED)
   u_mul_hn3/mul_abs_reg[9]/D
                               11.15          11.55 r        -0.40  (VIOLATED)
   u_mul_hn3/mul_abs_reg[10]/D
                               11.15          11.55 r        -0.40  (VIOLATED)
   u_mul_hn4/mul_abs_reg[5]/D
                               11.15          11.54 f        -0.39  (VIOLATED)
   mul_hn_6_r_reg[15]/D        11.15          11.54 f        -0.39  (VIOLATED)
   u_mul_hn7/mul_abs_reg[8]/D
                               11.15          11.45 f        -0.30  (VIOLATED)
   R_122/D                     11.10          11.39 f        -0.29  (VIOLATED)
   R_256/D                     11.10          11.36 f        -0.26  (VIOLATED)
   u_mul_hn0/mul_abs_reg[6]/D
                               11.15          11.39 r        -0.24  (VIOLATED)
   R_268/D                     11.15          11.39 f        -0.24  (VIOLATED)
   R_279/D                     11.15          11.38 f        -0.23  (VIOLATED)
   u_mul_hn9/mul_abs_reg[13]/D
                               11.15          11.35 r        -0.20  (VIOLATED)
   u_mul_hn9/mul_abs_reg[11]/D
                               11.15          11.15 r         0.00  (VIOLATED: increase significant digits)


1
redirect -append -tee -file rpt/post_final.rpt {report_timing}
 
****************************************
Report : timing
        -path full
        -delay max
        -max_paths 1
Design : top
Version: O-2018.06-SP5-5
Date   : Thu Jun 13 13:38:36 2024
****************************************

Operating Conditions: nom_pvt   Library: class
Wire Load Model Mode: top

  Startpoint: R_160 (rising edge-triggered flip-flop clocked by clk)
  Endpoint: yn_data[0] (output port clocked by clk)
  Path Group: clk
  Path Type: max

  Des/Clust/Port     Wire Load Model       Library
  ------------------------------------------------
  top                20x20                 class

  Point                                    Incr       Path
  -----------------------------------------------------------
  clock clk (rise edge)                    0.00       0.00
  clock network delay (ideal)              0.00       0.00
  R_160/CP (FD2)                           0.00       0.00 r
  R_160/Q (FD2)                            1.69       1.69 r
  U1544/Z (ENI)                            0.51       2.20 f
  U1630/Z (ENI)                            0.44       2.65 f
  U1631/Z (ENI)                            0.56       3.20 f
  U1154/Z (ENI)                            0.68       3.88 f
  U1151/Z (ENI)                            0.51       4.39 f
  U1795/Z (ENI)                            0.44       4.84 f
  U1794/Z (ENI)                            0.58       5.42 f
  U690/Z (IVI)                             0.26       5.69 r
  U1739/Z (ND2I)                           0.25       5.94 f
  U1740/Z (ND2I)                           0.27       6.21 r
  U1741/Z (ND2I)                           0.35       6.56 f
  U3261/Z (IVI)                            0.26       6.82 r
  U3245/Z (ND2I)                           0.15       6.98 f
  U3174/Z (ND2I)                           0.31       7.28 r
  U1680/Z (MUX21LP)                        0.52       7.81 f
  U859/Z (IVI)                             0.33       8.14 r
  U1891/Z (ND2I)                           0.25       8.39 f
  U1854/Z (ND2I)                           0.27       8.66 r
  U1864/Z (ND2I)                           0.15       8.81 f
  U1865/Z (IVI)                            0.22       9.03 r
  yn_data[0] (out)                         0.00       9.03 r
  data arrival time                                   9.03

  clock clk (rise edge)                   12.00      12.00
  clock network delay (ideal)              0.00      12.00
  output external delay                   -5.00       7.00
  data required time                                  7.00
  -----------------------------------------------------------
  data required time                                  7.00
  data arrival time                                  -9.03
  -----------------------------------------------------------
  slack (VIOLATED)                                   -2.03


1
change_names -rules verilog -hier
1
write_file -f verilog -hier -output net/top_net.v
Writing verilog file '/home1/std6/ASIC/2024_4_1_ASICFrontEnd/lab_fin/FINAL_PROJECT/syn/net/top_net.v'.
1
write_file -f ddc -hier -output mapped/top_mapped.ddc
Writing ddc file 'mapped/top_mapped.ddc'.
1
1
Warning: Cannot use command line editor for terminal type 'xterm-256color'.  (UI-74)
dc_shell> 
Thank you...
