
                           Design Compiler Graphical 
                                 DC Ultra (TM)
                                  DFTMAX (TM)
                              Power Compiler (TM)
                                 DesignWare (R)
                                 DC Expert (TM)
                               Design Vision (TM)
                               HDL Compiler (TM)
                               VHDL Compiler (TM)
                                  DFT Compiler
                               Design Compiler(R)

              Version O-2018.06-SP5-5 for linux64 - Sep 04, 2019 

                    Copyright (c) 1988 - 2019 Synopsys, Inc.
   This software and the associated documentation are proprietary to Synopsys,
 Inc. This software may only be used in accordance with the terms and conditions
 of a written license agreement with Synopsys, Inc. All other use, reproduction,
            or distribution of this software is strictly prohibited.
Initializing...
# .tcl file
read_verilog {my_design.v combo.v}
Loading db file '/tools/synopsys/syn/O-2018.06-SP5-5/libraries/syn/class.db'
Loading db file '/tools/synopsys/syn/O-2018.06-SP5-5/libraries/syn/gtech.db'
Loading db file '/tools/synopsys/syn/O-2018.06-SP5-5/libraries/syn/standard.sldb'
  Loading link library 'class'
  Loading link library 'gtech'
Loading verilog files: '/home1/std6/ASIC/2024_4_1_ASICFrontEnd/lab12/rtl/my_design.v' '/home1/std6/ASIC/2024_4_1_ASICFrontEnd/lab12/rtl/combo.v' 
Detecting input file type automatically (-rtl or -netlist).
Reading with Presto HDL Compiler (equivalent to -rtl option).
Running PRESTO HDLC
Compiling source file /home1/std6/ASIC/2024_4_1_ASICFrontEnd/lab12/rtl/my_design.v
Compiling source file /home1/std6/ASIC/2024_4_1_ASICFrontEnd/lab12/rtl/combo.v

Inferred memory devices in process
	in routine my_design line 22 in file
		'/home1/std6/ASIC/2024_4_1_ASICFrontEnd/lab12/rtl/my_design.v'.
===============================================================================
|    Register Name    |   Type    | Width | Bus | MB | AR | AS | SR | SS | ST |
===============================================================================
|       R1_reg        | Flip-flop |   5   |  Y  | N  | Y  | N  | N  | N  | N  |
===============================================================================

Inferred memory devices in process
	in routine my_design line 31 in file
		'/home1/std6/ASIC/2024_4_1_ASICFrontEnd/lab12/rtl/my_design.v'.
===============================================================================
|    Register Name    |   Type    | Width | Bus | MB | AR | AS | SR | SS | ST |
===============================================================================
|       R2_reg        | Flip-flop |   5   |  Y  | N  | Y  | N  | N  | N  | N  |
===============================================================================

Inferred memory devices in process
	in routine my_design line 49 in file
		'/home1/std6/ASIC/2024_4_1_ASICFrontEnd/lab12/rtl/my_design.v'.
===============================================================================
|    Register Name    |   Type    | Width | Bus | MB | AR | AS | SR | SS | ST |
===============================================================================
|       R3_reg        | Flip-flop |   1   |  N  | N  | Y  | N  | N  | N  | N  |
===============================================================================

Inferred memory devices in process
	in routine my_design line 58 in file
		'/home1/std6/ASIC/2024_4_1_ASICFrontEnd/lab12/rtl/my_design.v'.
===============================================================================
|    Register Name    |   Type    | Width | Bus | MB | AR | AS | SR | SS | ST |
===============================================================================
|       R4_reg        | Flip-flop |   5   |  Y  | N  | Y  | N  | N  | N  | N  |
===============================================================================
Presto compilation completed successfully.
Current design is now '/home1/std6/ASIC/2024_4_1_ASICFrontEnd/lab12/rtl/my_design.db:my_design'
Loaded 2 designs.
Current design is 'my_design'.
my_design combo
current_design my_design
Current design is 'my_design'.
{my_design}
set top_design my_design
my_design
set_svf ./out/my_design.svf
1
# 
redirect -tee -file rpt2/pre_compile.rpt {link}

  Linking design 'my_design'
  Using the following designs and libraries:
  --------------------------------------------------------------------------
  class (library)             /tools/synopsys/syn/O-2018.06-SP5-5/libraries/syn/class.db

1
redirect -append -tee -file rpt2/pre_compile.rpt {check_design}   
 
****************************************
check_design summary:
Version:     O-2018.06-SP5-5
Date:        Thu May 23 10:30:27 2024
****************************************

                   Name                                            Total
--------------------------------------------------------------------------------
Inputs/Outputs                                                      4
    Shorted outputs (LINT-31)                                       4

Cells                                                               2
    Cells do not drive (LINT-1)                                     2
--------------------------------------------------------------------------------

Warning: In design 'combo', cell 'B_2' does not drive any nets. (LINT-1)
Warning: In design 'combo', cell 'B_3' does not drive any nets. (LINT-1)
Warning: In design 'my_design', output port 'out3[4]' is connected directly to output port 'out3[0]'. (LINT-31)
Warning: In design 'my_design', output port 'out3[4]' is connected directly to output port 'out3[1]'. (LINT-31)
Warning: In design 'my_design', output port 'out3[4]' is connected directly to output port 'out3[2]'. (LINT-31)
Warning: In design 'my_design', output port 'out3[4]' is connected directly to output port 'out3[3]'. (LINT-31)
1
redirect -append -tee -file rpt2/pre_compile.rpt {source -verbose scr/my_design.con}
Error: could not open script file "scr/my_design.con" (CMD-015)
Error: Errors detected during redirect
	Use error_info for more info. (CMD-013)
redirect -append -tee -file rpt2/pre_compile.rpt {report_port -verbose}
Information: Updating design information... (UID-85)
 
****************************************
Report : port
        -verbose
Design : my_design
Version: O-2018.06-SP5-5
Date   : Thu May 23 10:30:27 2024
****************************************


                       Pin      Wire     Max     Max     Connection
Port           Dir     Load     Load     Trans   Cap     Class      Attrs
--------------------------------------------------------------------------------
Cin1[0]        in      0.0000   0.0000   --      --      --         
Cin1[1]        in      0.0000   0.0000   --      --      --         
Cin1[2]        in      0.0000   0.0000   --      --      --         
Cin1[3]        in      0.0000   0.0000   --      --      --         
Cin1[4]        in      0.0000   0.0000   --      --      --         
Cin2[0]        in      0.0000   0.0000   --      --      --         
Cin2[1]        in      0.0000   0.0000   --      --      --         
Cin2[2]        in      0.0000   0.0000   --      --      --         
Cin2[3]        in      0.0000   0.0000   --      --      --         
Cin2[4]        in      0.0000   0.0000   --      --      --         
clk            in      0.0000   0.0000   --      --      --         
data1[0]       in      0.0000   0.0000   --      --      --         
data1[1]       in      0.0000   0.0000   --      --      --         
data1[2]       in      0.0000   0.0000   --      --      --         
data1[3]       in      0.0000   0.0000   --      --      --         
data1[4]       in      0.0000   0.0000   --      --      --         
data2[0]       in      0.0000   0.0000   --      --      --         
data2[1]       in      0.0000   0.0000   --      --      --         
data2[2]       in      0.0000   0.0000   --      --      --         
data2[3]       in      0.0000   0.0000   --      --      --         
data2[4]       in      0.0000   0.0000   --      --      --         
n_rst          in      0.0000   0.0000   --      --      --         
sel            in      0.0000   0.0000   --      --      --         
Cout[0]        out     0.0000   0.0000   --      --      --         
Cout[1]        out     0.0000   0.0000   --      --      --         
Cout[2]        out     0.0000   0.0000   --      --      --         
Cout[3]        out     0.0000   0.0000   --      --      --         
Cout[4]        out     0.0000   0.0000   --      --      --         
out1[0]        out     0.0000   0.0000   --      --      --         
out1[1]        out     0.0000   0.0000   --      --      --         
out1[2]        out     0.0000   0.0000   --      --      --         
out1[3]        out     0.0000   0.0000   --      --      --         
out1[4]        out     0.0000   0.0000   --      --      --         
out2[0]        out     0.0000   0.0000   --      --      --         
out2[1]        out     0.0000   0.0000   --      --      --         
out2[2]        out     0.0000   0.0000   --      --      --         
out2[3]        out     0.0000   0.0000   --      --      --         
out2[4]        out     0.0000   0.0000   --      --      --         
out3[0]        out     0.0000   0.0000   --      --      --         
out3[1]        out     0.0000   0.0000   --      --      --         
out3[2]        out     0.0000   0.0000   --      --      --         
out3[3]        out     0.0000   0.0000   --      --      --         
out3[4]        out     0.0000   0.0000   --      --      --         


              External  Max             Min                Min       Min
              Number    Wireload        Wireload           Pin       Wire
Port          Points    Model           Model              Load      Load
--------------------------------------------------------------------------------
Cin1[0]            1      --              --              --        -- 
Cin1[1]            1      --              --              --        -- 
Cin1[2]            1      --              --              --        -- 
Cin1[3]            1      --              --              --        -- 
Cin1[4]            1      --              --              --        -- 
Cin2[0]            1      --              --              --        -- 
Cin2[1]            1      --              --              --        -- 
Cin2[2]            1      --              --              --        -- 
Cin2[3]            1      --              --              --        -- 
Cin2[4]            1      --              --              --        -- 
clk                1      --              --              --        -- 
data1[0]           1      --              --              --        -- 
data1[1]           1      --              --              --        -- 
data1[2]           1      --              --              --        -- 
data1[3]           1      --              --              --        -- 
data1[4]           1      --              --              --        -- 
data2[0]           1      --              --              --        -- 
data2[1]           1      --              --              --        -- 
data2[2]           1      --              --              --        -- 
data2[3]           1      --              --              --        -- 
data2[4]           1      --              --              --        -- 
n_rst              1      --              --              --        -- 
sel                1      --              --              --        -- 
Cout[0]            1      --              --              --        -- 
Cout[1]            1      --              --              --        -- 
Cout[2]            1      --              --              --        -- 
Cout[3]            1      --              --              --        -- 
Cout[4]            1      --              --              --        -- 
out1[0]            1      --              --              --        -- 
out1[1]            1      --              --              --        -- 
out1[2]            1      --              --              --        -- 
out1[3]            1      --              --              --        -- 
out1[4]            1      --              --              --        -- 
out2[0]            1      --              --              --        -- 
out2[1]            1      --              --              --        -- 
out2[2]            1      --              --              --        -- 
out2[3]            1      --              --              --        -- 
out2[4]            1      --              --              --        -- 
out3[0]            1      --              --              --        -- 
out3[1]            1      --              --              --        -- 
out3[2]            1      --              --              --        -- 
out3[3]            1      --              --              --        -- 
out3[4]            1      --              --              --        -- 

                    Input Delay
                  Min             Max       Related   Max
Input Port    Rise    Fall    Rise    Fall   Clock  Fanout
--------------------------------------------------------------------------------
Cin1[0]       --      --      --      --      --      -- 
Cin1[1]       --      --      --      --      --      -- 
Cin1[2]       --      --      --      --      --      -- 
Cin1[3]       --      --      --      --      --      -- 
Cin1[4]       --      --      --      --      --      -- 
Cin2[0]       --      --      --      --      --      -- 
Cin2[1]       --      --      --      --      --      -- 
Cin2[2]       --      --      --      --      --      -- 
Cin2[3]       --      --      --      --      --      -- 
Cin2[4]       --      --      --      --      --      -- 
clk           --      --      --      --      --      -- 
data1[0]      --      --      --      --      --      -- 
data1[1]      --      --      --      --      --      -- 
data1[2]      --      --      --      --      --      -- 
data1[3]      --      --      --      --      --      -- 
data1[4]      --      --      --      --      --      -- 
data2[0]      --      --      --      --      --      -- 
data2[1]      --      --      --      --      --      -- 
data2[2]      --      --      --      --      --      -- 
data2[3]      --      --      --      --      --      -- 
data2[4]      --      --      --      --      --      -- 
n_rst         --      --      --      --      --      -- 
sel           --      --      --      --      --      -- 


               Max Drive      Min Drive      Resistance    Min    Min       Cell
Input Port    Rise    Fall   Rise    Fall   Max     Min    Cap    Fanout    Deg
--------------------------------------------------------------------------------
Cin1[0]       --      --     --      --     --      --     --     --        -- 
Cin1[1]       --      --     --      --     --      --     --     --        -- 
Cin1[2]       --      --     --      --     --      --     --     --        -- 
Cin1[3]       --      --     --      --     --      --     --     --        -- 
Cin1[4]       --      --     --      --     --      --     --     --        -- 
Cin2[0]       --      --     --      --     --      --     --     --        -- 
Cin2[1]       --      --     --      --     --      --     --     --        -- 
Cin2[2]       --      --     --      --     --      --     --     --        -- 
Cin2[3]       --      --     --      --     --      --     --     --        -- 
Cin2[4]       --      --     --      --     --      --     --     --        -- 
clk           --      --     --      --     --      --     --     --        -- 
data1[0]      --      --     --      --     --      --     --     --        -- 
data1[1]      --      --     --      --     --      --     --     --        -- 
data1[2]      --      --     --      --     --      --     --     --        -- 
data1[3]      --      --     --      --     --      --     --     --        -- 
data1[4]      --      --     --      --     --      --     --     --        -- 
data2[0]      --      --     --      --     --      --     --     --        -- 
data2[1]      --      --     --      --     --      --     --     --        -- 
data2[2]      --      --     --      --     --      --     --     --        -- 
data2[3]      --      --     --      --     --      --     --     --        -- 
data2[4]      --      --     --      --     --      --     --     --        -- 
n_rst         --      --     --      --     --      --     --     --        -- 
sel           --      --     --      --     --      --     --     --        -- 


               Max Tran        Min Tran
Input Port    Rise    Fall    Rise    Fall
--------------------------------------------------------------------------------
Cin1[0]       --      --      --      -- 
Cin1[1]       --      --      --      -- 
Cin1[2]       --      --      --      -- 
Cin1[3]       --      --      --      -- 
Cin1[4]       --      --      --      -- 
Cin2[0]       --      --      --      -- 
Cin2[1]       --      --      --      -- 
Cin2[2]       --      --      --      -- 
Cin2[3]       --      --      --      -- 
Cin2[4]       --      --      --      -- 
clk           --      --      --      -- 
data1[0]      --      --      --      -- 
data1[1]      --      --      --      -- 
data1[2]      --      --      --      -- 
data1[3]      --      --      --      -- 
data1[4]      --      --      --      -- 
data2[0]      --      --      --      -- 
data2[1]      --      --      --      -- 
data2[2]      --      --      --      -- 
data2[3]      --      --      --      -- 
data2[4]      --      --      --      -- 
n_rst         --      --      --      -- 
sel           --      --      --      -- 


                    Output Delay
                  Min             Max      Related  Fanout
Output Port   Rise    Fall    Rise    Fall  Clock     Load
--------------------------------------------------------------------------------
Cout[0]       --      --      --      --      --      0.00
Cout[1]       --      --      --      --      --      0.00
Cout[2]       --      --      --      --      --      0.00
Cout[3]       --      --      --      --      --      0.00
Cout[4]       --      --      --      --      --      0.00
out1[0]       --      --      --      --      --      0.00
out1[1]       --      --      --      --      --      0.00
out1[2]       --      --      --      --      --      0.00
out1[3]       --      --      --      --      --      0.00
out1[4]       --      --      --      --      --      0.00
out2[0]       --      --      --      --      --      0.00
out2[1]       --      --      --      --      --      0.00
out2[2]       --      --      --      --      --      0.00
out2[3]       --      --      --      --      --      0.00
out2[4]       --      --      --      --      --      0.00
out3[0]       --      --      --      --      --      0.00
out3[1]       --      --      --      --      --      0.00
out3[2]       --      --      --      --      --      0.00
out3[3]       --      --      --      --      --      0.00
out3[4]       --      --      --      --      --      0.00

1
redirect -append -tee -file rpt2/pre_compile.rpt {report_clock}
Information: Updating graph... (UID-83)
 
****************************************
Report : clocks
Design : my_design
Version: O-2018.06-SP5-5
Date   : Thu May 23 10:30:27 2024
****************************************

No clocks in this design.

1
redirect -append -tee -file rpt2/pre_compile.rpt {report_clock -skew}
Information: Updating design information... (UID-85)
 
****************************************
Report : clock_skew
Design : my_design
Version: O-2018.06-SP5-5
Date   : Thu May 23 10:30:27 2024
****************************************

                 Rise      Fall  Min Rise  Min fall        Uncertainty
Object          Delay     Delay     Delay     Delay     Plus      Minus
--------------------------------------------------------------------------------
1
redirect -append -tee -file rpt2/pre_compile.rpt {check_timing}

Information: Checking generated_clocks...

Information: Checking loops...

Information: Checking no_input_delay...

Information: Checking unconstrained_endpoints...

Warning: The following end-points are not constrained for maximum delay.

End point
---------------
Cout[0]
Cout[1]
Cout[2]
Cout[3]
Cout[4]
R1_reg[0]/next_state
R1_reg[1]/next_state
R1_reg[2]/next_state
R1_reg[3]/next_state
R1_reg[4]/next_state
R2_reg[0]/next_state
R2_reg[1]/next_state
R2_reg[2]/next_state
R2_reg[3]/next_state
R2_reg[4]/next_state
R3_reg/next_state
R4_reg[0]/next_state
R4_reg[1]/next_state
R4_reg[2]/next_state
R4_reg[3]/next_state
R4_reg[4]/next_state
out1[0]
out1[1]
out1[2]
out1[3]
out1[4]
out2[0]
out2[1]
out2[2]
out2[3]
out2[4]
out3[0]
out3[1]
out3[2]
out3[3]
out3[4]

Information: Checking pulse_clock_cell_type...

Information: Checking no_driving_cell...

Information: Checking partial_input_delay...
1
write_file -format ddc -hier -output unmapped/my_design_unmapped.ddc
Writing ddc file 'unmapped/my_design_unmapped.ddc'.
1
# netlist optimize
set_fix_multiple_port_nets -all -buffer_constants
1
redirect -tee -file rpt2/compile.rpt {compile_ultra -retime -timing -no_autoungroup}
Loading db file '/tools/synopsys/syn/O-2018.06-SP5-5/libraries/syn/dw_foundation.sldb'
Warning: DesignWare synthetic library dw_foundation.sldb is added to the synthetic_library in the current command. (UISN-40)
Warning: The -timing_high_effort_script option is ignored.  (OPT-1342)
Information: Performing power optimization. (PWR-850)
Alib files are up-to-date.
Warning: DesignWare synthetic library dw_foundation.sldb is added to the synthetic_library in the current command. (UISN-40)
Information: Evaluating DesignWare library utilization. (UISN-27)

============================================================================
| DesignWare Building Block Library  |         Version         | Available |
============================================================================
| Basic DW Building Blocks           | O-2018.06-DWBB_201806.5 |     *     |
| Licensed DW Building Blocks        | O-2018.06-DWBB_201806.5 |     *     |
============================================================================

Information: Sequential output inversion is enabled.  SVF file must be used for formal verification. (OPT-1208)
Information: Retiming is enabled. SVF file must be used for formal verification. (OPT-1210)

Information: There are 6 potential problems in your design. Please run 'check_design' for more information. (LINT-99)

  Simplifying Design 'my_design'

Loaded alib file './alib-52/class.db.alib'
Information: State dependent leakage is now switched from on to off.

  Beginning Pass 1 Mapping
  ------------------------
  Processing 'my_design'
 Implement Synthetic for 'my_design'.
  Processing 'combo'
 Implement Synthetic for 'combo'.

  Updating timing information
Information: Updating design information... (UID-85)
Warning: Main library 'class' does not specify the following unit required for power: 'Leakage Power'. (PWR-424)
Warning: Target library(s) are not characterized for internal power.  Compile with power constraints is NOT recommended. (PWR-13)

  Beginning Mapping Optimizations  (Ultra High effort)
  -------------------------------
Information: Added key list 'DesignWare' to design 'combo'. (DDB-72)
Information: Added key list 'DesignWare' to design 'my_design'. (DDB-72)
  Mapping Optimization (Phase 1)

  Beginning Constant Register Removal
  -----------------------------------

  Beginning Global Optimizations
  ------------------------------
  Global Optimization (Phase 1)
  Global Optimization (Phase 2)
  Global Optimization (Phase 3)
  Global Optimization (Phase 4)
  Global Optimization (Phase 5)
  Global Optimization (Phase 6)
  Global Optimization (Phase 7)
  Global Optimization (Phase 8)
  Global Optimization (Phase 9)
  Global Optimization (Phase 10)
  Global Optimization (Phase 11)
  Global Optimization (Phase 12)
  Global Optimization (Phase 13)
  Global Optimization (Phase 14)
  Global Optimization (Phase 15)
  Global Optimization (Phase 16)
  Global Optimization (Phase 17)
  Global Optimization (Phase 18)
  Global Optimization (Phase 19)
  Global Optimization (Phase 20)
  Global Optimization (Phase 21)
  Global Optimization (Phase 22)
  Global Optimization (Phase 23)
  Global Optimization (Phase 24)
  Global Optimization (Phase 25)
  Global Optimization (Phase 26)
  Global Optimization (Phase 27)
  Global Optimization (Phase 28)
  Global Optimization (Phase 29)
  Global Optimization (Phase 30)

  Beginning Isolate Ports
  -----------------------

  Beginning Delay Optimization
  ----------------------------

                                  TOTAL                                                
   ELAPSED            WORST NEG   SETUP    DESIGN                              LEAKAGE 
    TIME      AREA      SLACK     COST    RULE COST         ENDPOINT            POWER  
  --------- --------- --------- --------- --------- ------------------------- ---------
    0:00:01     287.0      0.00       0.0       0.0                              0.0000
    0:00:01     287.0      0.00       0.0       0.0                              0.0000
    0:00:01     287.0      0.00       0.0       0.0                              0.0000
    0:00:01     287.0      0.00       0.0       0.0                              0.0000

  Beginning WLM Backend Optimization
  --------------------------------------
    0:00:01     287.0      0.00       0.0       0.0                              0.0000
    0:00:01     287.0      0.00       0.0       0.0                              0.0000
    0:00:01     287.0      0.00       0.0       0.0                              0.0000
    0:00:01     287.0      0.00       0.0       0.0                              0.0000
    0:00:01     287.0      0.00       0.0       0.0                              0.0000
    0:00:01     287.0      0.00       0.0       0.0                              0.0000
    0:00:01     287.0      0.00       0.0       0.0                              0.0000
    0:00:01     287.0      0.00       0.0       0.0                              0.0000
    0:00:01     287.0      0.00       0.0       0.0                              0.0000
    0:00:01     287.0      0.00       0.0       0.0                              0.0000
    0:00:01     287.0      0.00       0.0       0.0                              0.0000
    0:00:01     287.0      0.00       0.0       0.0                              0.0000
    0:00:01     287.0      0.00       0.0       0.0                              0.0000
    0:00:01     287.0      0.00       0.0       0.0                              0.0000
    0:00:01     287.0      0.00       0.0       0.0                              0.0000
    0:00:01     287.0      0.00       0.0       0.0                              0.0000
    0:00:01     287.0      0.00       0.0       0.0                              0.0000
    0:00:01     287.0      0.00       0.0       0.0                              0.0000
    0:00:01     287.0      0.00       0.0       0.0                              0.0000
    0:00:01     287.0      0.00       0.0       0.0                              0.0000
    0:00:01     287.0      0.00       0.0       0.0                              0.0000
    0:00:01     287.0      0.00       0.0       0.0                              0.0000
    0:00:01     287.0      0.00       0.0       0.0                              0.0000
    0:00:01     287.0      0.00       0.0       0.0                              0.0000
    0:00:01     287.0      0.00       0.0       0.0                              0.0000
    0:00:01     287.0      0.00       0.0       0.0                              0.0000
    0:00:01     287.0      0.00       0.0       0.0                              0.0000
    0:00:01     287.0      0.00       0.0       0.0                              0.0000
    0:00:01     287.0      0.00       0.0       0.0                              0.0000
    0:00:01     287.0      0.00       0.0       0.0                              0.0000
    0:00:01     287.0      0.00       0.0       0.0                              0.0000
    0:00:01     287.0      0.00       0.0       0.0                              0.0000
    0:00:01     287.0      0.00       0.0       0.0                              0.0000
    0:00:01     287.0      0.00       0.0       0.0                              0.0000
    0:00:01     287.0      0.00       0.0       0.0                              0.0000
    0:00:01     287.0      0.00       0.0       0.0                              0.0000
    0:00:01     287.0      0.00       0.0       0.0                              0.0000
    0:00:01     287.0      0.00       0.0       0.0                              0.0000
    0:00:01     287.0      0.00       0.0       0.0                              0.0000
    0:00:01     287.0      0.00       0.0       0.0                              0.0000
    0:00:01     287.0      0.00       0.0       0.0                              0.0000
    0:00:01     287.0      0.00       0.0       0.0                              0.0000
    0:00:01     287.0      0.00       0.0       0.0                              0.0000
    0:00:01     287.0      0.00       0.0       0.0                              0.0000

                                  TOTAL                                                
   ELAPSED            WORST NEG   SETUP    DESIGN                              LEAKAGE 
    TIME      AREA      SLACK     COST    RULE COST         ENDPOINT            POWER  
  --------- --------- --------- --------- --------- ------------------------- ---------
    0:00:01     287.0      0.00       0.0       0.0                              0.0000
    0:00:01     287.0      0.00       0.0       0.0                              0.0000
    0:00:01     287.0      0.00       0.0       0.0                              0.0000
    0:00:01     287.0      0.00       0.0       0.0                              0.0000
    0:00:01     287.0      0.00       0.0       0.0                              0.0000
    0:00:01     287.0      0.00       0.0       0.0                              0.0000
    0:00:01     287.0      0.00       0.0       0.0                              0.0000
    0:00:01     287.0      0.00       0.0       0.0                              0.0000
    0:00:01     287.0      0.00       0.0       0.0                              0.0000
Loading db file '/tools/synopsys/syn/O-2018.06-SP5-5/libraries/syn/class.db'


Note: Symbol # after min delay cost means estimated hold TNS across all active scenarios 


  Optimization Complete
  ---------------------
Information: State dependent leakage is now switched from off to on.
Warning: Main library 'class' does not specify the following unit required for power: 'Leakage Power'. (PWR-424)
Information: Propagating switching activity (low effort zero delay simulation). (PWR-6)
Warning: There is no defined clock in the design. (PWR-80)
1
# netlist optimize
set_app_var verilogout_no_tri true
true
redirect -tee -file rpt2/post_compile4.rpt {report_constraint -all}
Information: Updating design information... (UID-85)
 
****************************************
Report : constraint
        -all_violators
Design : my_design
Version: O-2018.06-SP5-5
Date   : Thu May 23 10:30:28 2024
****************************************

This design has no violated constraints.

1
redirect -append -tee -file rpt2/post_compile4.rpt {report_timing}
 
****************************************
Report : timing
        -path full
        -delay max
        -max_paths 1
Design : my_design
Version: O-2018.06-SP5-5
Date   : Thu May 23 10:30:28 2024
****************************************

Operating Conditions: nom_pvt   Library: class
Wire Load Model Mode: top

  Startpoint: R1_reg[0] (rising edge-triggered flip-flop)
  Endpoint: out1[4] (output port)
  Path Group: (none)
  Path Type: max

  Des/Clust/Port     Wire Load Model       Library
  ------------------------------------------------
  my_design          05x05                 class

  Point                                    Incr       Path
  -----------------------------------------------------------
  R1_reg[0]/CP (FD2)                       0.00       0.00 r
  R1_reg[0]/QN (FD2)                       2.04       2.04 r
  U66/Z (ND2I)                             0.26       2.31 f
  U71/Z (AO5)                              2.32       4.62 r
  U76/Z (AO5)                              0.81       5.43 f
  U80/Z (AO5)                              1.74       7.18 r
  U81/Z (EOI)                              1.04       8.21 f
  out1[4] (out)                            0.00       8.21 f
  data arrival time                                   8.21
  -----------------------------------------------------------
  (Path is unconstrained)


1
# netlist optimize
change_names -rules verilog -hier
1
write_sdc ./out/my_design.sdc
1
write_file -f verilog -hier -output ./net/my_design_net.v
Writing verilog file '/home1/std6/ASIC/2024_4_1_ASICFrontEnd/lab12/syn/net/my_design_net.v'.
1
write_file -f ddc -hier -output mapped/my_design_mapped.ddc
Writing ddc file 'mapped/my_design_mapped.ddc'.
1
write_sdf ./net/my_design_pre.sdf
Information: Annotated 'cell' delays are assumed to include load delay. (UID-282)
Information: Writing timing information to file '/home1/std6/ASIC/2024_4_1_ASICFrontEnd/lab12/syn/net/my_design_pre.sdf'. (WT-3)
Information: Updating design information... (UID-85)
1
set_svf -off
1
quit

Thank you...
