version: (200506)

available memory: 64M bytes
used memory: 139264 bytes [need 136K bytes if disable swap]

used block: 3 [memory(3) file(0)]
                 [ 8K(1) 64K(2) { total 136K bytes } ]
overhead: (9538) bytes for (3) blocks [Average: (3179) bytes/block]

write  => 0(times) 0K(bytes) [0K bytes to file]
read   => 2(times) 2K(bytes) [0K bytes compressed data from file]
access => 26195(times) 207M(bytes)
          [hit ratio: 99.9924%]

time: write(0) read(0)  unit: second

swap file directory: (/home1/std6/ASIC/lab02/not_gate/sim/fnc/Verdi-UltraLog)
used swap file number: (3)



swap file manager:
arrSize: (256)
idxCnt: (4)
closeHead: (1)
closeTail: (3)
openCnt: (3)
fid(3): fd(1073741825) fileName(/home1/std6/ASIC/lab02/not_gate/sim/fnc/simv.daidir/kdb.elab++/work.lib++/not_gate.v.tdc)
	size(593) lastModTime(1710383753) curModTime(1710383753)
	mode(rb)	hot(0) cool(2) pos(0)
fid(2): fd(25) fileName(/home1/std6/ASIC/lab02/not_gate/sim/fnc/Verdi-UltraLog/_swap_0001#-1463778815#3575121)
	size(0) lastModTime(0) curModTime(1710383824)
	mode(w+b)	hot(3) cool(1) pos(0)
fid(1): fd(1073741824) fileName(/home1/std6/ASIC/lab02/not_gate/sim/fnc/simv.daidir/kdb.elab++/work.lib++/testbench.v.tdc)
	size(1427) lastModTime(1710383753) curModTime(1710383753)
	mode(rb)	hot(2) cool(0) pos(0)
fid(0): fd(0) fileName(NULL)
	mode(NULL)	hot(0) cool(0) pos(0)
==================================================
mySelf(171270f0) pre(156f3680) next(0)
version(200506)
date(May 19 2021 05:00:27)
