version: (200506)

available memory: 64M bytes
used memory: 73728 bytes [need 72K bytes if disable swap]

used block: 2 [memory(2) file(0)]
                 [ 8K(1) 64K(1) { total 72K bytes } ]
overhead: (9538) bytes for (2) blocks [Average: (4769) bytes/block]

write  => 0(times) 0K(bytes) [0K bytes to file]
read   => 1(times) 5K(bytes) [0K bytes compressed data from file]
access => 28509(times) 225M(bytes)
          [hit ratio: 99.9965%]

time: write(0) read(0)  unit: second

swap file directory: (/home1/std6/ASIC/lab02/hw_2/full_adder/sim/fnc/Verdi-UltraLog)
used swap file number: (1)



swap file manager:
arrSize: (256)
idxCnt: (3)
closeHead: (1)
closeTail: (2)
openCnt: (2)
fid(2): fd(25) fileName(/home1/std6/ASIC/lab02/hw_2/full_adder/sim/fnc/Verdi-UltraLog/_swap_0001#-1463778815#3690154)
	size(0) lastModTime(0) curModTime(1710384881)
	mode(w+b)	hot(0) cool(1) pos(0)
fid(1): fd(1073741824) fileName(/home1/std6/ASIC/lab02/hw_2/full_adder/sim/fnc/simv.daidir/kdb.elab++/work.lib++/testbench.v.tdc)
	size(2014) lastModTime(1710384873) curModTime(1710384873)
	mode(rb)	hot(2) cool(0) pos(0)
fid(0): fd(0) fileName(NULL)
	mode(NULL)	hot(0) cool(0) pos(0)
==================================================
mySelf(187f2bf0) pre(176ffb90) next(0)
version(200506)
date(May 19 2021 05:00:27)
