version: (200506)

available memory: 64M bytes
used memory: 73728 bytes [need 72K bytes if disable swap]

used block: 2 [memory(2) file(0)]
                 [ 8K(1) 64K(1) { total 72K bytes } ]
overhead: (9538) bytes for (2) blocks [Average: (4769) bytes/block]

write  => 0(times) 0K(bytes) [0K bytes to file]
read   => 1(times) 2K(bytes) [0K bytes compressed data from file]
access => 31209(times) 246M(bytes)
          [hit ratio: 99.9968%]

time: write(0) read(0)  unit: second

swap file directory: (/home1/std6/ASIC/2024_4_1_ASICFrontEnd/lab02/hw_1_prac/and/sim/fnc/Verdi-UltraLog)
used swap file number: (1)



swap file manager:
arrSize: (256)
idxCnt: (3)
closeHead: (1)
closeTail: (2)
openCnt: (2)
fid(2): fd(25) fileName(/home1/std6/ASIC/2024_4_1_ASICFrontEnd/lab02/hw_1_prac/and/sim/fnc/Verdi-UltraLog/_swap_0001#-1463778815#2659287)
	size(0) lastModTime(0) curModTime(1710613639)
	mode(w+b)	hot(0) cool(1) pos(0)
fid(1): fd(1073741824) fileName(/home1/std6/ASIC/2024_4_1_ASICFrontEnd/lab02/hw_1_prac/and/sim/fnc/simv.daidir/kdb.elab++/work.lib++/testbench.v.tdc)
	size(1393) lastModTime(1710613631) curModTime(1710613631)
	mode(rb)	hot(2) cool(0) pos(0)
fid(0): fd(0) fileName(NULL)
	mode(NULL)	hot(0) cool(0) pos(0)
==================================================
mySelf(18da4e70) pre(17633d80) next(0)
version(200506)
date(May 19 2021 05:00:27)
