1718630894.650641: 3545947-153e5a58d780: cdpl_log.c:227: in cdpl_log_open(): info: @@start_of_log@@
1718630894.650660: 3545947-153e5a58d780: cdpl_log.c:740: in cdpl_log_dump_sysinfo(): info: time: 2024/06/17 22:28:14 KST +0900
1718630894.650663: 3545947-153e5a58d780: cdpl_log.c:742: in cdpl_log_dump_sysinfo(): info: version: Q_2020.06_SP1_PROD_CDPL 
1718630894.650666: 3545947-153e5a58d780: cdpl_log.c:747: in cdpl_log_dump_sysinfo(): info: system: Linux 4.18.0-513.11.1.el8_9.x86_64 #1 SMP Wed Jan 10 22:58:54 UTC 2024
1718630894.650668: 3545947-153e5a58d780: cdpl_log.c:751: in cdpl_log_dump_sysinfo(): info: processor: x86_64 64-bits
1718630894.650670: 3545947-153e5a58d780: cdpl_log.c:753: in cdpl_log_dump_sysinfo(): info: hostname: sse506-s1
1718630894.650672: 3545947-153e5a58d780: cdpl_log.c:229: in cdpl_log_open(): debug: path: /home1/std6/ASIC/2024_4_1_ASICFrontEnd/lab_fin/fin_rev03/fm/FM_WORK/.cdpl/master.sse506-s1.3545947.log
1718630894.650675: 3545947-153e5a58d780: cdpl_log.c:230: in cdpl_log_open(): debug: dir: /home1/std6/ASIC/2024_4_1_ASICFrontEnd/lab_fin/fin_rev03/fm/FM_WORK/.cdpl
1718630894.650692: 3545947-153e5a58d780: cdpl_server.c:544: in cdpl_sv_init(): info: new server S271124474
1718630894.650697: 3545947-153e5a58d780: cdpl_ipc.c:2756: in cdpl_ipc_init(): info: requesting IPv4 protocol
1718630894.657348: 3545947-153e5a58d780: cdpl_server.c:670: in cdpl_sv_new_master(): info: new master M1
1718630894.657361: 3545947-153e5a58d780: cdpl_compat_master.c:2263: in cdplInitMaster(): info: bcast dir is `/home1/std6/ASIC/2024_4_1_ASICFrontEnd/lab_fin/fin_rev03/fm/FM_WORK/.cdpl'
1718630894.657420: 3545947-153e5a58d780: cdpl_server.c:5341: in cdpl_sv_ctl_master(): info: farm worker timeout set to 300
1718630894.657425: 3545947-153e5a58d780: cdpl_server.c:5390: in cdpl_sv_ctl_master(): info: maximum number of task execution attempts set to 1
1718630894.657429: 3545947-153e5a58d780: cdpl_server.c:5424: in cdpl_sv_ctl_master(): info: master security policy set to IGNORE SPAM
1718630894.657433: 3545947-153e5a58d780: cdpl_server.c:5484: in cdpl_sv_ctl_master(): warning: master will ignore spurious communication
1718630894.657439: 3545947-153e5a58d780: cdpl_farm.c:2032: in cdpl_farm_new_sh(): info: creating SH farm on localhost
1718630894.657442: 3545947-153e5a58d780: cdpl_farm.c:3233: in cdpl_farm_setcap(): debug: setting farm capacity to 1
1718630894.657445: 3545947-153e5a58d780: cdpl_compat_master.c:205: in _set_farm_env(): info: exporting CDPL_LOGDIR as `/home1/std6/ASIC/2024_4_1_ASICFrontEnd/lab_fin/fin_rev03/fm/FM_WORK/.cdpl'
1718630894.657448: 3545947-153e5a58d780: cdpl_compat_master.c:225: in _set_farm_env(): info: exporting SNPSLMD_LICENSE_FILE as `27020@smu409-01:27020@117.16.175.176'
1718630894.657451: 3545947-153e5a58d780: cdpl_compat_master.c:252: in _set_farm_env(): info: exporting DISPLAY as `:30.0'
1718630894.657455: 3545947-153e5a58d780: cdpl_server.c:3050: in cdpl_sv_start(): debug: starting server
1718630894.657457: 3545947-153e5a58d780: cdpl_ipc.c:2895: in cdpl_ipc_start(): debug: starting IPC server 192.168.1.130:43821
1718630894.657616: 3545947-153e5a58d780: cdpl_server.c:751: in cdpl_sv_new_job(): info: new job J1 in M1
1718630894.657621: 3545947-153e5a58d780: cdpl_compat_master.c:1297: in _add_worker(): info: new worker type 3, min:1, max:1, cmd:`/tools/synopsys/fm/Q-2019.12-SP5/linux64/fm/bin/fm_e1_exec -binpath /tools/synopsys/fm/Q-2019.12-SP5 -parallel'
1718630894.657625: 3545947-153e5a58d780: cdpl_server.c:913: in cdpl_sv_new_bin_withfarm(): info: new bin B1 in J1
1718630894.657629: 3545947-153e5a58d780: cdpl_server.c:3104: in cdpl_sv_start_job(): info: starting job J1
1718630894.657634: 3545947-153e3ec2c700: cdpl_server_ipc.c:1046: in _sv_ipc_thread(): debug: ready
1718630894.657646: 3545947-153e5a58d780: cdpl_server.c:63: in _sv_start_bin(): debug: starting bin B1 (min: 0, max: 1)
1718630894.657711: 3545947-153e5a58d780: cdpl_server.c:1840: in _sv_gen_task(): info: new task T0 in B1 (prio 0)
1718630894.657715: 3545947-153e5a58d780: cdpl_compat_master.c:3319: in cdplScheduleTasks(): debug: scheduling tasks
1718630894.657722: 3545947-153e5a58d780: cdpl_server.c:1243: in cdpl_sv_schedule_all_tasks(): debug: scheduling all tasks
1718630894.657729: 3545947-153e3ea2b700: cdpl_server_sched.c:1958: in _sv_scheduler_thread(): debug: scheduler for bin B1 started
1718630894.657739: 3545947-153e3ea2b700: cdpl_server_sched.c:1924: in _scheduler_run(): debug: will start a new worker
1718630894.657758: 3545947-153e3ea2b700: cdpl_farm.c:2978: in cdpl_farm_submit(): debug: 1 running processes
1718630894.657761: 3545947-153e3ea2b700: cdpl_farm.c:2994: in cdpl_farm_submit(): debug: new command C1 in bin B1
1718630894.657815: 3545947-153e3ea2b700: cdpl_server_sched.c:487: in _sv_launch_worker(): info: started worker W1 (as C1) in bin B1
1718630894.657822: 3545947-153e3e82a700: cdpl_farm.c:1666: in _schedule(): debug: started
1718630894.657831: 3545947-153e3e82a700: cdpl_farm.c:1804: in _schedule(): debug: submitting command C1 in bin B1
1718630894.657841: 3545947-153e3e82a700: cdpl_sh.c:49: in _sh_detached_submit(): info: SH : /tools/synopsys/fm/Q-2019.12-SP5/linux64/fm/bin/fm_e1_exec -binpath /tools/synopsys/fm/Q-2019.12-SP5 -parallel
1718630894.660149: 3545947-153e3e82a700: cdpl_farm.c:1820: in _schedule(): debug: C1 in bin B1 running on slot 0
1718630894.660170: 3545947-153e3e82a700: cdpl_farm.c:1686: in _schedule(): debug: idle
1718630894.732371: 3545947-153e3ee2d700: cdpl_ipc.c:1474: in _epoll_accept(): debug: new connection from `192.168.1.130:60464'
1718630894.732416: 3545947-153e3ec2c700: cdpl_server_ipc.c:1089: in _sv_ipc_thread(): debug: received ACCEPT notification
1718630894.732437: 3545947-153e3ec2c700: cdpl_ipc.c:1973: in cdpl_ipc_host_accept(): debug: accepted host `192.168.1.130:60464'
1718630894.732583: 3545947-153e3ec2c700: cdpl_server_ipc.c:1110: in _sv_ipc_thread(): debug: received HELLO message
1718630894.732594: 3545947-153e3ec2c700: cdpl_server_ipc.c:334: in _sv_on_hello(): debug: looking up W1
1718630894.732602: 3545947-153e3ec2c700: cdpl_server_ipc.c:444: in _sv_on_hello(): info: W1 is `192.168.1.130:60464'
1718630894.732605: 3545947-153e3ec2c700: cdpl_server_ipc.c:445: in _sv_on_hello(): debug: hello W1 (B1)
1718630894.732608: 3545947-153e3ec2c700: cdpl_server_ipc.c:446: in _sv_on_hello(): info: W1 log file is /home1/std6/ASIC/2024_4_1_ASICFrontEnd/lab_fin/fin_rev03/fm/FM_WORK/.cdpl/worker.W1.sse506-s1.3553348.log
1718630894.732622: 3545947-153e3ec2c700: cdpl_server_ipc.c:474: in _sv_on_hello(): debug: up to 1 alive workers in B1
1718630894.732653: 3545947-153e3ea2b700: cdpl_server_sched.c:719: in _assign(): info: assigning task T0 to worker W1
1718630894.732814: 3545947-153e3ec2c700: cdpl_server_ipc.c:1115: in _sv_ipc_thread(): debug: received FINISH message
1718630894.732818: 3545947-153e3ec2c700: cdpl_server_ipc.c:849: in _sv_on_finish(): info: worker W1 completed task T0
1718630894.732821: 3545947-153e3ec2c700: cdpl_server_ipc.c:856: in _sv_on_finish(): info: stat T0: utime=18 stime=4
1718630894.732824: 3545947-153e3ec2c700: cdpl_server_ipc.c:864: in _sv_on_finish(): info: statm T0: vsize=297748 rss=28784 shared=22900 text=32628 data=13304
1718630894.733537: 3545947-153e5a58d780: cdpl_server.c:1840: in _sv_gen_task(): info: new task T1 in B1 (prio 0)
1718630894.733550: 3545947-153e5a58d780: cdpl_compat_master.c:3319: in cdplScheduleTasks(): debug: scheduling tasks
1718630894.733554: 3545947-153e5a58d780: cdpl_server.c:1243: in cdpl_sv_schedule_all_tasks(): debug: scheduling all tasks
1718630894.733576: 3545947-153e3ea2b700: cdpl_server_sched.c:719: in _assign(): info: assigning task T1 to worker W1
1718630894.733675: 3545947-153e3ec2c700: cdpl_server_ipc.c:1115: in _sv_ipc_thread(): debug: received FINISH message
1718630894.733679: 3545947-153e3ec2c700: cdpl_server_ipc.c:849: in _sv_on_finish(): info: worker W1 completed task T1
1718630894.733682: 3545947-153e3ec2c700: cdpl_server_ipc.c:856: in _sv_on_finish(): info: stat T1: utime=0 stime=0
1718630894.733685: 3545947-153e3ec2c700: cdpl_server_ipc.c:864: in _sv_on_finish(): info: statm T1: vsize=297748 rss=28784 shared=22900 text=32628 data=13304
1718630894.738642: 3545947-153e5a58d780: cdpl_server.c:221: in _sv_free_task_safe(): debug: freeing task T1
1718630894.768322: 3545947-153e5a58d780: cdpl_server.c:1840: in _sv_gen_task(): info: new task T2 in B1 (prio 0)
1718630894.768332: 3545947-153e5a58d780: cdpl_compat_master.c:3319: in cdplScheduleTasks(): debug: scheduling tasks
1718630894.768335: 3545947-153e5a58d780: cdpl_server.c:1243: in cdpl_sv_schedule_all_tasks(): debug: scheduling all tasks
1718630894.768346: 3545947-153e3ea2b700: cdpl_server_sched.c:719: in _assign(): info: assigning task T2 to worker W1
1718630894.769152: 3545947-153e3ec2c700: cdpl_server_ipc.c:1115: in _sv_ipc_thread(): debug: received FINISH message
1718630894.769164: 3545947-153e3ec2c700: cdpl_server_ipc.c:849: in _sv_on_finish(): info: worker W1 completed task T2
1718630894.769167: 3545947-153e3ec2c700: cdpl_server_ipc.c:856: in _sv_on_finish(): info: stat T2: utime=1 stime=0
1718630894.769170: 3545947-153e3ec2c700: cdpl_server_ipc.c:864: in _sv_on_finish(): info: statm T2: vsize=297876 rss=28784 shared=22900 text=32628 data=13432
1718630894.773404: 3545947-153e5a58d780: cdpl_server.c:221: in _sv_free_task_safe(): debug: freeing task T2
1718630894.777726: 3545947-153e5a58d780: cdpl_server.c:1840: in _sv_gen_task(): info: new task T3 in B1 (prio 0)
1718630894.777733: 3545947-153e5a58d780: cdpl_compat_master.c:3319: in cdplScheduleTasks(): debug: scheduling tasks
1718630894.777736: 3545947-153e5a58d780: cdpl_server.c:1243: in cdpl_sv_schedule_all_tasks(): debug: scheduling all tasks
1718630894.777744: 3545947-153e3ea2b700: cdpl_server_sched.c:719: in _assign(): info: assigning task T3 to worker W1
1718630894.778366: 3545947-153e3ec2c700: cdpl_server_ipc.c:1115: in _sv_ipc_thread(): debug: received FINISH message
1718630894.778373: 3545947-153e3ec2c700: cdpl_server_ipc.c:849: in _sv_on_finish(): info: worker W1 completed task T3
1718630894.778377: 3545947-153e3ec2c700: cdpl_server_ipc.c:856: in _sv_on_finish(): info: stat T3: utime=0 stime=0
1718630894.778381: 3545947-153e3ec2c700: cdpl_server_ipc.c:864: in _sv_on_finish(): info: statm T3: vsize=297876 rss=28784 shared=22900 text=32628 data=13432
1718630894.782798: 3545947-153e5a58d780: cdpl_server.c:221: in _sv_free_task_safe(): debug: freeing task T3
1718630894.793132: 3545947-153e5a58d780: cdpl_server.c:1840: in _sv_gen_task(): info: new task T4 in B1 (prio 0)
1718630894.793139: 3545947-153e5a58d780: cdpl_compat_master.c:3319: in cdplScheduleTasks(): debug: scheduling tasks
1718630894.793142: 3545947-153e5a58d780: cdpl_server.c:1243: in cdpl_sv_schedule_all_tasks(): debug: scheduling all tasks
1718630894.793153: 3545947-153e3ea2b700: cdpl_server_sched.c:719: in _assign(): info: assigning task T4 to worker W1
1718630894.796387: 3545947-153e3ec2c700: cdpl_server_ipc.c:1115: in _sv_ipc_thread(): debug: received FINISH message
1718630894.796392: 3545947-153e3ec2c700: cdpl_server_ipc.c:849: in _sv_on_finish(): info: worker W1 completed task T4
1718630894.796395: 3545947-153e3ec2c700: cdpl_server_ipc.c:856: in _sv_on_finish(): info: stat T4: utime=3 stime=0
1718630894.796397: 3545947-153e3ec2c700: cdpl_server_ipc.c:864: in _sv_on_finish(): info: statm T4: vsize=297876 rss=28784 shared=22900 text=32628 data=13432
1718630894.798204: 3545947-153e5a58d780: cdpl_server.c:221: in _sv_free_task_safe(): debug: freeing task T4
1718630894.807917: 3545947-153e5a58d780: cdpl_server.c:1840: in _sv_gen_task(): info: new task T5 in B1 (prio 0)
1718630894.807924: 3545947-153e5a58d780: cdpl_compat_master.c:3319: in cdplScheduleTasks(): debug: scheduling tasks
1718630894.807927: 3545947-153e5a58d780: cdpl_server.c:1243: in cdpl_sv_schedule_all_tasks(): debug: scheduling all tasks
1718630894.807949: 3545947-153e3ea2b700: cdpl_server_sched.c:719: in _assign(): info: assigning task T5 to worker W1
1718630894.811898: 3545947-153e3ec2c700: cdpl_server_ipc.c:1115: in _sv_ipc_thread(): debug: received FINISH message
1718630894.811913: 3545947-153e3ec2c700: cdpl_server_ipc.c:849: in _sv_on_finish(): info: worker W1 completed task T5
1718630894.811916: 3545947-153e3ec2c700: cdpl_server_ipc.c:856: in _sv_on_finish(): info: stat T5: utime=4 stime=0
1718630894.811931: 3545947-153e3ec2c700: cdpl_server_ipc.c:864: in _sv_on_finish(): info: statm T5: vsize=297876 rss=28784 shared=22900 text=32628 data=13432
1718630894.812976: 3545947-153e5a58d780: cdpl_server.c:221: in _sv_free_task_safe(): debug: freeing task T5
1718630894.822959: 3545947-153e5a58d780: cdpl_server.c:1840: in _sv_gen_task(): info: new task T6 in B1 (prio 0)
1718630894.822971: 3545947-153e5a58d780: cdpl_compat_master.c:3319: in cdplScheduleTasks(): debug: scheduling tasks
1718630894.822974: 3545947-153e5a58d780: cdpl_server.c:1243: in cdpl_sv_schedule_all_tasks(): debug: scheduling all tasks
1718630894.822985: 3545947-153e3ea2b700: cdpl_server_sched.c:719: in _assign(): info: assigning task T6 to worker W1
1718630894.826150: 3545947-153e3ec2c700: cdpl_server_ipc.c:1115: in _sv_ipc_thread(): debug: received FINISH message
1718630894.826169: 3545947-153e3ec2c700: cdpl_server_ipc.c:849: in _sv_on_finish(): info: worker W1 completed task T6
1718630894.826174: 3545947-153e3ec2c700: cdpl_server_ipc.c:856: in _sv_on_finish(): info: stat T6: utime=3 stime=0
1718630894.826177: 3545947-153e3ec2c700: cdpl_server_ipc.c:864: in _sv_on_finish(): info: statm T6: vsize=297876 rss=28784 shared=22900 text=32628 data=13432
1718630894.828038: 3545947-153e5a58d780: cdpl_server.c:221: in _sv_free_task_safe(): debug: freeing task T6
1718630894.847220: 3545947-153e5a58d780: cdpl_server.c:1840: in _sv_gen_task(): info: new task T7 in B1 (prio 0)
1718630894.847232: 3545947-153e5a58d780: cdpl_compat_master.c:3319: in cdplScheduleTasks(): debug: scheduling tasks
1718630894.847236: 3545947-153e5a58d780: cdpl_server.c:1243: in cdpl_sv_schedule_all_tasks(): debug: scheduling all tasks
1718630894.847251: 3545947-153e3ea2b700: cdpl_server_sched.c:719: in _assign(): info: assigning task T7 to worker W1
1718630894.852042: 3545947-153e3ec2c700: cdpl_server_ipc.c:1115: in _sv_ipc_thread(): debug: received FINISH message
1718630894.852051: 3545947-153e3ec2c700: cdpl_server_ipc.c:849: in _sv_on_finish(): info: worker W1 completed task T7
1718630894.852054: 3545947-153e3ec2c700: cdpl_server_ipc.c:856: in _sv_on_finish(): info: stat T7: utime=5 stime=0
1718630894.852057: 3545947-153e3ec2c700: cdpl_server_ipc.c:864: in _sv_on_finish(): info: statm T7: vsize=297876 rss=28784 shared=22900 text=32628 data=13432
1718630894.852301: 3545947-153e5a58d780: cdpl_server.c:221: in _sv_free_task_safe(): debug: freeing task T7
1718630894.876164: 3545947-153e5a58d780: cdpl_server.c:1840: in _sv_gen_task(): info: new task T8 in B1 (prio 0)
1718630894.876176: 3545947-153e5a58d780: cdpl_compat_master.c:3319: in cdplScheduleTasks(): debug: scheduling tasks
1718630894.876179: 3545947-153e5a58d780: cdpl_server.c:1243: in cdpl_sv_schedule_all_tasks(): debug: scheduling all tasks
1718630894.876191: 3545947-153e3ea2b700: cdpl_server_sched.c:719: in _assign(): info: assigning task T8 to worker W1
1718630894.882074: 3545947-153e3ec2c700: cdpl_server_ipc.c:1115: in _sv_ipc_thread(): debug: received FINISH message
1718630894.882085: 3545947-153e3ec2c700: cdpl_server_ipc.c:849: in _sv_on_finish(): info: worker W1 completed task T8
1718630894.882088: 3545947-153e3ec2c700: cdpl_server_ipc.c:856: in _sv_on_finish(): info: stat T8: utime=5 stime=1
1718630894.882091: 3545947-153e3ec2c700: cdpl_server_ipc.c:864: in _sv_on_finish(): info: statm T8: vsize=297876 rss=28784 shared=22900 text=32628 data=13432
1718630894.886299: 3545947-153e5a58d780: cdpl_server.c:221: in _sv_free_task_safe(): debug: freeing task T8
1718630894.909641: 3545947-153e5a58d780: cdpl_server.c:1840: in _sv_gen_task(): info: new task T9 in B1 (prio 0)
1718630894.909649: 3545947-153e5a58d780: cdpl_compat_master.c:3319: in cdplScheduleTasks(): debug: scheduling tasks
1718630894.909652: 3545947-153e5a58d780: cdpl_server.c:1243: in cdpl_sv_schedule_all_tasks(): debug: scheduling all tasks
1718630894.909662: 3545947-153e3ea2b700: cdpl_server_sched.c:719: in _assign(): info: assigning task T9 to worker W1
1718630894.917221: 3545947-153e3ec2c700: cdpl_server_ipc.c:1115: in _sv_ipc_thread(): debug: received FINISH message
1718630894.917244: 3545947-153e3ec2c700: cdpl_server_ipc.c:849: in _sv_on_finish(): info: worker W1 completed task T9
1718630894.917248: 3545947-153e3ec2c700: cdpl_server_ipc.c:856: in _sv_on_finish(): info: stat T9: utime=7 stime=0
1718630894.917251: 3545947-153e3ec2c700: cdpl_server_ipc.c:864: in _sv_on_finish(): info: statm T9: vsize=297876 rss=28784 shared=22900 text=32628 data=13432
1718630894.919769: 3545947-153e5a58d780: cdpl_server.c:221: in _sv_free_task_safe(): debug: freeing task T9
1718630894.943362: 3545947-153e5a58d780: cdpl_server.c:1840: in _sv_gen_task(): info: new task T10 in B1 (prio 0)
1718630894.943371: 3545947-153e5a58d780: cdpl_compat_master.c:3319: in cdplScheduleTasks(): debug: scheduling tasks
1718630894.943374: 3545947-153e5a58d780: cdpl_server.c:1243: in cdpl_sv_schedule_all_tasks(): debug: scheduling all tasks
1718630894.943384: 3545947-153e3ea2b700: cdpl_server_sched.c:719: in _assign(): info: assigning task T10 to worker W1
1718630894.949595: 3545947-153e3ec2c700: cdpl_server_ipc.c:1115: in _sv_ipc_thread(): debug: received FINISH message
1718630894.949608: 3545947-153e3ec2c700: cdpl_server_ipc.c:849: in _sv_on_finish(): info: worker W1 completed task T10
1718630894.949611: 3545947-153e3ec2c700: cdpl_server_ipc.c:856: in _sv_on_finish(): info: stat T10: utime=6 stime=0
1718630894.949614: 3545947-153e3ec2c700: cdpl_server_ipc.c:864: in _sv_on_finish(): info: statm T10: vsize=297876 rss=28784 shared=22900 text=32628 data=13432
1718630894.953492: 3545947-153e5a58d780: cdpl_server.c:221: in _sv_free_task_safe(): debug: freeing task T10
1718630894.960229: 3545947-153e3e82a700: cdpl_farm.c:1730: in _schedule(): debug: waking up
1718630894.960252: 3545947-153e3e82a700: cdpl_farm.c:843: in _onexit(): debug: C1 in bin B1 exited normally on slot 0
1718630894.960256: 3545947-153e3e82a700: cdpl_farm.c:672: in _release_cmd(): debug: freeing command C1 in bin B1
1718630894.960259: 3545947-153e3e82a700: cdpl_farm.c:1686: in _schedule(): debug: idle
1718630894.977866: 3545947-153e5a58d780: cdpl_server.c:1840: in _sv_gen_task(): info: new task T11 in B1 (prio 0)
1718630894.977875: 3545947-153e5a58d780: cdpl_compat_master.c:3319: in cdplScheduleTasks(): debug: scheduling tasks
1718630894.977878: 3545947-153e5a58d780: cdpl_server.c:1243: in cdpl_sv_schedule_all_tasks(): debug: scheduling all tasks
1718630894.977889: 3545947-153e3ea2b700: cdpl_server_sched.c:719: in _assign(): info: assigning task T11 to worker W1
1718630894.992313: 3545947-153e3ec2c700: cdpl_server_ipc.c:1115: in _sv_ipc_thread(): debug: received FINISH message
1718630894.992328: 3545947-153e3ec2c700: cdpl_server_ipc.c:849: in _sv_on_finish(): info: worker W1 completed task T11
1718630894.992331: 3545947-153e3ec2c700: cdpl_server_ipc.c:856: in _sv_on_finish(): info: stat T11: utime=13 stime=1
1718630894.992335: 3545947-153e3ec2c700: cdpl_server_ipc.c:864: in _sv_on_finish(): info: statm T11: vsize=297876 rss=30312 shared=24260 text=32628 data=13432
1718630894.993031: 3545947-153e5a58d780: cdpl_server.c:221: in _sv_free_task_safe(): debug: freeing task T11
1718630895.453523: 3545947-153e5a58d780: cdpl_server.c:1840: in _sv_gen_task(): info: new task T12 in B1 (prio 0)
1718630895.453540: 3545947-153e5a58d780: cdpl_compat_master.c:3319: in cdplScheduleTasks(): debug: scheduling tasks
1718630895.453544: 3545947-153e5a58d780: cdpl_server.c:1243: in cdpl_sv_schedule_all_tasks(): debug: scheduling all tasks
1718630895.453558: 3545947-153e3ea2b700: cdpl_server_sched.c:719: in _assign(): info: assigning task T12 to worker W1
1718630895.474239: 3545947-153e3ec2c700: cdpl_server_ipc.c:1115: in _sv_ipc_thread(): debug: received FINISH message
1718630895.474254: 3545947-153e3ec2c700: cdpl_server_ipc.c:849: in _sv_on_finish(): info: worker W1 completed task T12
1718630895.474258: 3545947-153e3ec2c700: cdpl_server_ipc.c:856: in _sv_on_finish(): info: stat T12: utime=21 stime=0
1718630895.474262: 3545947-153e3ec2c700: cdpl_server_ipc.c:864: in _sv_on_finish(): info: statm T12: vsize=298004 rss=30312 shared=24260 text=32628 data=13560
1718630895.478827: 3545947-153e5a58d780: cdpl_server.c:221: in _sv_free_task_safe(): debug: freeing task T12
1718630895.912777: 3545947-153e5a58d780: cdpl_server.c:2878: in cdpl_sv_halt_job_errno(): info: stopping job J1
1718630895.912796: 3545947-153e5a58d780: cdpl_server.c:2900: in cdpl_sv_halt_job_errno(): debug: signal bin B1 scheduler to stop
1718630895.912809: 3545947-153e3ea2b700: cdpl_server_sched.c:1960: in _sv_scheduler_thread(): debug: scheduler for bin B1 stopped
1718630895.912822: 3545947-153e3ea2b700: cdpl_ipc.c:1269: in _host_drop__UNSAFE(): debug: dropping host `192.168.1.130:60464'
1718630895.912861: 3545947-153e3ea2b700: cdpl_server_sched.c:2305: in _sv_drop_worker(): debug: down to 0 alive workers in B1
1718630895.912866: 3545947-153e3ea2b700: cdpl_server_sched.c:2272: in _sv_record_dropped_worker(): debug: dropping worker W1
1718630895.912869: 3545947-153e3ea2b700: cdpl_farm.c:3118: in cdpl_farm_dismiss(): debug: down to 0 running processes
1718630895.912877: 3545947-153e3ec2c700: cdpl_server_ipc.c:1100: in _sv_ipc_thread(): debug: received DROP notification
1718630895.912898: 3545947-153e3ea2b700: cdpl_server_sched.c:113: in _free_worker_2(): debug: freeing worker W1
1718630895.912903: 3545947-153e3ea2b700: cdpl_ipc.c:1991: in cdpl_ipc_host_release(): debug: releasing host `192.168.1.130:60464'
1718630895.912918: 3545947-153e5a58d780: cdpl_server.c:2867: in cdpl_sv_halt_job_errno(): info: killing job J1
1718630895.912923: 3545947-153e5a58d780: cdpl_server.c:287: in _sv_free_job(): info: freeing job J1
1718630895.912926: 3545947-153e5a58d780: cdpl_server.c:91: in _sv_free_bin(): debug: freeing bin B1
1718630895.912933: 3545947-153e5a58d780: cdpl_server.c:183: in _sv_free_task(): debug: freeing task T0
1718630897.913050: 3545947-153e5a58d780: cdpl_farm.c:2138: in cdpl_farm_free(): info: freeing farm
1718630897.913080: 3545947-153e3e82a700: cdpl_farm.c:1730: in _schedule(): debug: waking up
1718630897.913091: 3545947-153e3e82a700: cdpl_farm.c:1737: in _schedule(): debug: dying
1718630897.913135: 3545947-153e5a58d780: cdpl_farm.c:695: in _killall(): debug: killing all remaining commands
1718630897.913144: 3545947-153e5a58d780: cdpl_server.c:2999: in cdpl_sv_free(): info: freeing server S271124474
1718630897.913148: 3545947-153e5a58d780: cdpl_server.c:2964: in cdpl_sv_kill_errno(): info: killing server
1718630897.913151: 3545947-153e5a58d780: cdpl_ipc.c:2940: in cdpl_ipc_kill(): debug: stopping event server
1718630897.913169: 3545947-153e3ee2d700: cdpl_ipc.c:1930: in _epoll_main(): debug: server going down...
1718630897.913179: 3545947-153e3ec2c700: cdpl_server_ipc.c:1064: in _sv_ipc_thread(): debug: leaving now
1718630897.913211: 3545947-153e5a58d780: cdpl_server.c:327: in _sv_free_master(): info: freeing master M1
1718630897.913216: 3545947-153e5a58d780: cdpl_hash.c:64: in cdpl_h_destroy(): debug: put operations: 1
1718630897.913219: 3545947-153e5a58d780: cdpl_hash.c:65: in cdpl_h_destroy(): debug: put collisions: 0
1718630897.913222: 3545947-153e5a58d780: cdpl_hash.c:66: in cdpl_h_destroy(): debug: get operations: 0
1718630897.913224: 3545947-153e5a58d780: cdpl_hash.c:67: in cdpl_h_destroy(): debug: get iterations: 0
1718630897.913233: 3545947-153e5a58d780: cdpl_monitor.c:1328: in cdpl_mn_free(): debug: freeing monitor server
1718630897.913236: 3545947-153e5a58d780: cdpl_ipc.c:2991: in cdpl_ipc_free(): debug: releasing IPC handle
1718630897.913239: 3545947-153e5a58d780: cdpl_ipc.c:1194: in _host_free__UNSAFE(): debug: freeing host `192.168.1.130:60464'
1718630897.913242: 3545947-153e5a58d780: cdpl_ipc.c:1236: in _host_free__UNSAFE(): debug: [0 outq, 0 spR, 0 spW]
1718630897.913258: 3545947-153e5a58d780: cdpl_ipc.c:3030: in cdpl_ipc_free(): debug: done
1718630897.913262: 3545947-153e5a58d780: cdpl_log.c:370: in cdpl_log_close(): info: @@end_of_log@@
